[ 2017-11-21T11:34:14+08:00 ] 192.168.10.10 192.168.10.1 GET /
[ log ] 32zs.com/ [运行时间：0.158865s][吞吐率：6.29req/s] [内存消耗：629.95kb] [文件加载：80]
[ info ] [ LANG ] /home/vagrant/Code/32zs/1.1.0/thinkphp/lang/zh-cn.php
[ info ] [ LANG ] /home/vagrant/Code/32zs/1.1.0/app/lang/zh-cn.php
[ info ] [ CACHE ] INIT File
[ info ] [ ROUTE ] array (
  'type' => 'module',
  'module' => 
  array (
    0 => 'home',
    1 => 'Index',
    2 => 'index',
  ),
  'convert' => false,
)
[ info ] [ HEADER ] array (
  'cookie' => 'PHPSESSID=9fu2jch2ihmt77fqmn5nmiiglc; yf_logged_user=G%3DeqQSa0W-fvB6dlm',
  'accept-language' => 'zh-CN,zh;q=0.9,en;q=0.8',
  'accept-encoding' => 'gzip, deflate',
  'accept' => 'text/html,application/xhtml+xml,application/xml;q=0.9,image/webp,image/apng,*/*;q=0.8',
  'upgrade-insecure-requests' => '1',
  'user-agent' => 'Mozilla/5.0 (Macintosh; Intel Mac OS X 10_12_6) AppleWebKit/537.36 (KHTML, like Gecko) Chrome/62.0.3202.94 Safari/537.36',
  'connection' => 'keep-alive',
  'host' => '32zs.com',
  'content-type' => '',
  'content-length' => '',
)
[ info ] [ PARAM ] array (
)
[ info ] [ LANG ] /home/vagrant/Code/32zs/1.1.0/app/home/lang/zh-cn.php
[ info ] [ BEHAVIOR ] Run app\common\behavior\WebLog @module_init [ RunTime:0.001343s ]
[ info ] [ SESSION ] INIT array (
  'id' => '',
  'var_session_id' => '',
  'prefix' => 'think',
  'type' => '',
  'auto_start' => true,
)
[ info ] [ DB ] INIT mysql
[ info ] [ BEHAVIOR ] Run Closure @action_begin [ RunTime:0.019996s ]
[ info ] [ RUN ] app\home\controller\Index->index[ /home/vagrant/Code/32zs/1.1.0/app/home/controller/Index.php ]
[ info ] [ VIEW ] /home/vagrant/Code/32zs/1.1.0/app/home/view/default/index.html [ array (
  0 => 'lang',
  1 => 'map_lat',
  2 => 'map_lng',
  3 => 'site_name',
  4 => 'site_host',
  5 => 'site_tpl',
  6 => 'site_tpl_m',
  7 => 'site_logo',
  8 => 'site_icp',
  9 => 'site_tongji',
  10 => 'site_copyright',
  11 => 'site_co_name',
  12 => 'site_address',
  13 => 'site_tel',
  14 => 'site_admin_email',
  15 => 'site_qq',
  16 => 'site_seo_title',
  17 => 'site_seo_keywords',
  18 => 'site_seo_description',
  19 => 'yf_theme_path',
  20 => 'user',
  21 => 'is_admin',
) ]
[ info ] [ BEHAVIOR ] Run app\admin\behavior\Cron @app_end [ RunTime:0.006129s ]
[ info ] [ LOG ] INIT File
[ sql ] [ DB ] CONNECT:[ UseTime:0.000380s ] mysql:dbname=zhaosheng;host=localhost;port=33060;charset=utf8
[ sql ] [ SQL ] SHOW COLUMNS FROM `zs_member_list` [ RunTime:0.000649s ]
[ sql ] [ SQL ] SELECT * FROM `zs_member_list` WHERE  `member_list_id` = 1 LIMIT 1 [ RunTime:0.000360s ]
[ sql ] [ SQL ] SHOW COLUMNS FROM `zs_news` [ RunTime:0.000864s ]
[ sql ] [ SQL ] SELECT `news_content`,`news_title`,`n_id`,`news_columnid`,`news_time` FROM `zs_news` `a` WHERE  `news_open` = '1'  AND `news_l` = 'zh-cn'  AND `news_back` = 0  AND `news_columnid` IN (17) ORDER BY news_time desc LIMIT 7 [ RunTime:0.000539s ]
[ sql ] [ SQL ] SELECT `news_content`,`news_title`,`n_id`,`news_columnid`,`news_time` FROM `zs_news` `a` WHERE  `news_open` = '1'  AND `news_l` = 'zh-cn'  AND `news_back` = 0  AND `news_columnid` IN (18) ORDER BY news_time desc LIMIT 7 [ RunTime:0.000325s ]
[ sql ] [ SQL ] SELECT `news_content`,`news_title`,`n_id`,`news_columnid`,`news_time` FROM `zs_news` `a` WHERE  `news_open` = '1'  AND `news_l` = 'zh-cn'  AND `news_back` = 0  AND `news_columnid` IN (16) ORDER BY news_time desc LIMIT 7 [ RunTime:0.000313s ]

---------------------------------------------------------------
[ 2017-11-21T11:34:15+08:00 ] 192.168.10.10 192.168.10.1 GET /home/login/verify.html
[ log ] 32zs.com/home/login/verify.html [运行时间：0.304192s][吞吐率：3.29req/s] [内存消耗：552.40kb] [文件加载：78]
[ info ] [ LANG ] /home/vagrant/Code/32zs/1.1.0/thinkphp/lang/zh-cn.php
[ info ] [ LANG ] /home/vagrant/Code/32zs/1.1.0/app/lang/zh-cn.php
[ info ] [ CACHE ] INIT File
[ info ] [ ROUTE ] array (
  'type' => 'module',
  'module' => 
  array (
    0 => 'home',
    1 => 'login',
    2 => 'verify',
  ),
)
[ info ] [ HEADER ] array (
  'cookie' => 'PHPSESSID=9fu2jch2ihmt77fqmn5nmiiglc; yf_logged_user=G%3DeqQSa0W-fvB6dlm; think_var=zh-cn',
  'accept-language' => 'zh-CN,zh;q=0.9,en;q=0.8',
  'accept-encoding' => 'gzip, deflate',
  'referer' => 'http://32zs.com/',
  'accept' => 'image/webp,image/apng,image/*,*/*;q=0.8',
  'user-agent' => 'Mozilla/5.0 (Macintosh; Intel Mac OS X 10_12_6) AppleWebKit/537.36 (KHTML, like Gecko) Chrome/62.0.3202.94 Safari/537.36',
  'connection' => 'keep-alive',
  'host' => '32zs.com',
  'content-type' => '',
  'content-length' => '',
)
[ info ] [ PARAM ] array (
)
[ info ] [ LANG ] /home/vagrant/Code/32zs/1.1.0/app/home/lang/zh-cn.php
[ info ] [ BEHAVIOR ] Run app\common\behavior\WebLog @module_init [ RunTime:0.002997s ]
[ info ] [ SESSION ] INIT array (
  'id' => '',
  'var_session_id' => '',
  'prefix' => 'think',
  'type' => '',
  'auto_start' => true,
)
[ info ] [ DB ] INIT mysql
[ info ] [ BEHAVIOR ] Run Closure @action_begin [ RunTime:0.023434s ]
[ info ] [ RUN ] app\home\controller\Login->verify[ /home/vagrant/Code/32zs/1.1.0/app/home/controller/Login.php ]
[ info ] [ BEHAVIOR ] Run app\admin\behavior\Cron @app_end [ RunTime:0.012896s ]
[ info ] [ LOG ] INIT File
[ sql ] [ DB ] CONNECT:[ UseTime:0.000477s ] mysql:dbname=zhaosheng;host=localhost;port=33060;charset=utf8
[ sql ] [ SQL ] SHOW COLUMNS FROM `zs_member_list` [ RunTime:0.000819s ]
[ sql ] [ SQL ] SELECT * FROM `zs_member_list` WHERE  `member_list_id` = 1 LIMIT 1 [ RunTime:0.000457s ]

---------------------------------------------------------------
[ 2017-11-21T11:34:48+08:00 ] 192.168.10.10 192.168.10.1 GET /
[ log ] 32zs.com/ [运行时间：0.202322s][吞吐率：4.94req/s] [内存消耗：630.46kb] [文件加载：80]
[ info ] [ LANG ] /home/vagrant/Code/32zs/1.1.0/thinkphp/lang/zh-cn.php
[ info ] [ LANG ] /home/vagrant/Code/32zs/1.1.0/app/lang/zh-cn.php
[ info ] [ CACHE ] INIT File
[ info ] [ ROUTE ] array (
  'type' => 'module',
  'module' => 
  array (
    0 => 'home',
    1 => 'Index',
    2 => 'index',
  ),
  'convert' => false,
)
[ info ] [ HEADER ] array (
  'cookie' => 'PHPSESSID=9fu2jch2ihmt77fqmn5nmiiglc; yf_logged_user=G%3DeqQSa0W-fvB6dlm; think_var=zh-cn',
  'accept-language' => 'zh-CN,zh;q=0.9,en;q=0.8',
  'accept-encoding' => 'gzip, deflate',
  'accept' => 'text/html,application/xhtml+xml,application/xml;q=0.9,image/webp,image/apng,*/*;q=0.8',
  'upgrade-insecure-requests' => '1',
  'user-agent' => 'Mozilla/5.0 (Macintosh; Intel Mac OS X 10_12_6) AppleWebKit/537.36 (KHTML, like Gecko) Chrome/62.0.3202.94 Safari/537.36',
  'connection' => 'keep-alive',
  'host' => '32zs.com',
  'content-type' => '',
  'content-length' => '',
)
[ info ] [ PARAM ] array (
)
[ info ] [ LANG ] /home/vagrant/Code/32zs/1.1.0/app/home/lang/zh-cn.php
[ info ] [ BEHAVIOR ] Run app\common\behavior\WebLog @module_init [ RunTime:0.002318s ]
[ info ] [ SESSION ] INIT array (
  'id' => '',
  'var_session_id' => '',
  'prefix' => 'think',
  'type' => '',
  'auto_start' => true,
)
[ info ] [ DB ] INIT mysql
[ info ] [ BEHAVIOR ] Run Closure @action_begin [ RunTime:0.014767s ]
[ info ] [ RUN ] app\home\controller\Index->index[ /home/vagrant/Code/32zs/1.1.0/app/home/controller/Index.php ]
[ info ] [ VIEW ] /home/vagrant/Code/32zs/1.1.0/app/home/view/default/index.html [ array (
  0 => 'lang',
  1 => 'map_lat',
  2 => 'map_lng',
  3 => 'site_name',
  4 => 'site_host',
  5 => 'site_tpl',
  6 => 'site_tpl_m',
  7 => 'site_logo',
  8 => 'site_icp',
  9 => 'site_tongji',
  10 => 'site_copyright',
  11 => 'site_co_name',
  12 => 'site_address',
  13 => 'site_tel',
  14 => 'site_admin_email',
  15 => 'site_qq',
  16 => 'site_seo_title',
  17 => 'site_seo_keywords',
  18 => 'site_seo_description',
  19 => 'yf_theme_path',
  20 => 'user',
  21 => 'is_admin',
) ]
[ info ] [ BEHAVIOR ] Run app\admin\behavior\Cron @app_end [ RunTime:0.009638s ]
[ info ] [ LOG ] INIT File
[ sql ] [ DB ] CONNECT:[ UseTime:0.000558s ] mysql:dbname=zhaosheng;host=localhost;port=33060;charset=utf8
[ sql ] [ SQL ] SHOW COLUMNS FROM `zs_member_list` [ RunTime:0.001017s ]
[ sql ] [ SQL ] SELECT * FROM `zs_member_list` WHERE  `member_list_id` = 1 LIMIT 1 [ RunTime:0.000542s ]
[ sql ] [ SQL ] SHOW COLUMNS FROM `zs_news` [ RunTime:0.001036s ]
[ sql ] [ SQL ] SELECT `news_content`,`news_title`,`n_id`,`news_columnid`,`news_time` FROM `zs_news` `a` WHERE  `news_open` = '1'  AND `news_l` = 'zh-cn'  AND `news_back` = 0  AND `news_columnid` IN (17) ORDER BY news_time desc LIMIT 7 [ RunTime:0.000702s ]
[ sql ] [ SQL ] SELECT `news_content`,`news_title`,`n_id`,`news_columnid`,`news_time` FROM `zs_news` `a` WHERE  `news_open` = '1'  AND `news_l` = 'zh-cn'  AND `news_back` = 0  AND `news_columnid` IN (18) ORDER BY news_time desc LIMIT 7 [ RunTime:0.000442s ]
[ sql ] [ SQL ] SELECT `news_content`,`news_title`,`n_id`,`news_columnid`,`news_time` FROM `zs_news` `a` WHERE  `news_open` = '1'  AND `news_l` = 'zh-cn'  AND `news_back` = 0  AND `news_columnid` IN (16) ORDER BY news_time desc LIMIT 7 [ RunTime:0.000392s ]

---------------------------------------------------------------
[ 2017-11-21T11:34:49+08:00 ] 192.168.10.10 192.168.10.1 GET /home/login/verify.html
[ log ] 32zs.com/home/login/verify.html [运行时间：0.218254s][吞吐率：4.58req/s] [内存消耗：552.55kb] [文件加载：78]
[ info ] [ LANG ] /home/vagrant/Code/32zs/1.1.0/thinkphp/lang/zh-cn.php
[ info ] [ LANG ] /home/vagrant/Code/32zs/1.1.0/app/lang/zh-cn.php
[ info ] [ CACHE ] INIT File
[ info ] [ ROUTE ] array (
  'type' => 'module',
  'module' => 
  array (
    0 => 'home',
    1 => 'login',
    2 => 'verify',
  ),
)
[ info ] [ HEADER ] array (
  'cookie' => 'PHPSESSID=9fu2jch2ihmt77fqmn5nmiiglc; yf_logged_user=G%3DeqQSa0W-fvB6dlm; think_var=zh-cn',
  'accept-language' => 'zh-CN,zh;q=0.9,en;q=0.8',
  'accept-encoding' => 'gzip, deflate',
  'referer' => 'http://32zs.com/',
  'accept' => 'image/webp,image/apng,image/*,*/*;q=0.8',
  'user-agent' => 'Mozilla/5.0 (Macintosh; Intel Mac OS X 10_12_6) AppleWebKit/537.36 (KHTML, like Gecko) Chrome/62.0.3202.94 Safari/537.36',
  'connection' => 'keep-alive',
  'host' => '32zs.com',
  'content-type' => '',
  'content-length' => '',
)
[ info ] [ PARAM ] array (
)
[ info ] [ LANG ] /home/vagrant/Code/32zs/1.1.0/app/home/lang/zh-cn.php
[ info ] [ BEHAVIOR ] Run app\common\behavior\WebLog @module_init [ RunTime:0.002672s ]
[ info ] [ SESSION ] INIT array (
  'id' => '',
  'var_session_id' => '',
  'prefix' => 'think',
  'type' => '',
  'auto_start' => true,
)
[ info ] [ DB ] INIT mysql
[ info ] [ BEHAVIOR ] Run Closure @action_begin [ RunTime:0.013016s ]
[ info ] [ RUN ] app\home\controller\Login->verify[ /home/vagrant/Code/32zs/1.1.0/app/home/controller/Login.php ]
[ info ] [ BEHAVIOR ] Run app\admin\behavior\Cron @app_end [ RunTime:0.006443s ]
[ info ] [ LOG ] INIT File
[ sql ] [ DB ] CONNECT:[ UseTime:0.000471s ] mysql:dbname=zhaosheng;host=localhost;port=33060;charset=utf8
[ sql ] [ SQL ] SHOW COLUMNS FROM `zs_member_list` [ RunTime:0.000921s ]
[ sql ] [ SQL ] SELECT * FROM `zs_member_list` WHERE  `member_list_id` = 1 LIMIT 1 [ RunTime:0.000509s ]

---------------------------------------------------------------
[ 2017-11-21T11:35:02+08:00 ] 192.168.10.10 192.168.10.1 POST /home/login/runlogin.html
[ log ] 32zs.com/home/login/runlogin.html [运行时间：0.242360s][吞吐率：4.13req/s] [内存消耗：3,163.13kb] [文件加载：95]
[ info ] [ LANG ] /home/vagrant/Code/32zs/1.1.0/thinkphp/lang/zh-cn.php
[ info ] [ LANG ] /home/vagrant/Code/32zs/1.1.0/app/lang/zh-cn.php
[ info ] [ CACHE ] INIT File
[ info ] [ ROUTE ] array (
  'type' => 'module',
  'module' => 
  array (
    0 => 'home',
    1 => 'login',
    2 => 'runlogin',
  ),
)
[ info ] [ HEADER ] array (
  'cookie' => 'PHPSESSID=9fu2jch2ihmt77fqmn5nmiiglc; yf_logged_user=G%3DeqQSa0W-fvB6dlm; think_var=zh-cn',
  'accept-language' => 'zh-CN,zh;q=0.9,en;q=0.8',
  'accept-encoding' => 'gzip, deflate',
  'referer' => 'http://32zs.com/',
  'content-type' => 'application/x-www-form-urlencoded; charset=UTF-8',
  'user-agent' => 'Mozilla/5.0 (Macintosh; Intel Mac OS X 10_12_6) AppleWebKit/537.36 (KHTML, like Gecko) Chrome/62.0.3202.94 Safari/537.36',
  'x-requested-with' => 'XMLHttpRequest',
  'origin' => 'http://32zs.com',
  'accept' => '*/*',
  'content-length' => '74',
  'connection' => 'keep-alive',
  'host' => '32zs.com',
)
[ info ] [ PARAM ] array (
  'member_list_username' => '440204199905313917',
  'member_list_pwd' => '313917',
  'verify' => 'vvpu',
)
[ info ] [ LANG ] /home/vagrant/Code/32zs/1.1.0/app/home/lang/zh-cn.php
[ info ] [ SESSION ] INIT array (
  'id' => '',
  'var_session_id' => '',
  'prefix' => 'think',
  'type' => '',
  'auto_start' => true,
)
[ info ] [ DB ] INIT mysql
[ info ] [ BEHAVIOR ] Run app\common\behavior\WebLog @module_init [ RunTime:0.106441s ]
[ info ] [ BEHAVIOR ] Run Closure @action_begin [ RunTime:0.010432s ]
[ info ] [ RUN ] app\home\controller\Login->runlogin[ /home/vagrant/Code/32zs/1.1.0/app/home/controller/Login.php ]
[ info ] [ BEHAVIOR ] Run app\admin\behavior\Cron @app_end [ RunTime:0.006112s ]
[ info ] [ LOG ] INIT File
[ sql ] [ DB ] CONNECT:[ UseTime:0.000329s ] mysql:dbname=zhaosheng;host=localhost;port=33060;charset=utf8
[ sql ] [ SQL ] SHOW COLUMNS FROM `zs_web_log` [ RunTime:0.000600s ]
[ sql ] [ SQL ] INSERT INTO `zs_web_log` (`uid` , `ip` , `location` , `os` , `browser` , `url` , `module` , `controller` , `action` , `method` , `data` , `otime`) VALUES (0 , '192.168.10.1' , '局域网 局域网  ' , 'Mac' , 'Chrome(62.0.3202.94)' , '/home/login/runlogin.html' , 'home' , 'Login' , 'runlogin' , 'Ajax' , 's:12:\"保密数据\";' , 1511235302) [ RunTime:0.000431s ]
[ sql ] [ SQL ] SHOW COLUMNS FROM `zs_member_list` [ RunTime:0.000660s ]
[ sql ] [ SQL ] SELECT * FROM `zs_member_list` WHERE  `member_list_id` = 1 LIMIT 1 [ RunTime:0.000271s ]
[ sql ] [ SQL ] SELECT * FROM `zs_member_list` WHERE  `member_list_username` = '440204199905313917' LIMIT 1 [ RunTime:0.000566s ]
[ sql ] [ SQL ] UPDATE `zs_member_list`  SET `last_login_time`=1511235302,`last_login_ip`='192.168.10.1'  WHERE  `member_list_id` = 742 [ RunTime:0.000288s ]
[ sql ] [ SQL ] SHOW COLUMNS FROM `zs_admin` [ RunTime:0.000496s ]
[ sql ] [ SQL ] SELECT * FROM `zs_admin` WHERE  `member_id` = 742 LIMIT 1 [ RunTime:0.000249s ]

---------------------------------------------------------------
[ 2017-11-21T11:35:02+08:00 ] 192.168.10.10 192.168.10.1 GET /home/center/index.html
[ log ] 32zs.com/home/center/index.html [运行时间：0.152394s][吞吐率：6.56req/s] [内存消耗：693.72kb] [文件加载：84]
[ info ] [ LANG ] /home/vagrant/Code/32zs/1.1.0/thinkphp/lang/zh-cn.php
[ info ] [ LANG ] /home/vagrant/Code/32zs/1.1.0/app/lang/zh-cn.php
[ info ] [ CACHE ] INIT File
[ info ] [ ROUTE ] array (
  'type' => 'module',
  'module' => 
  array (
    0 => 'home',
    1 => 'center',
    2 => 'index',
  ),
)
[ info ] [ HEADER ] array (
  'cookie' => 'PHPSESSID=9fu2jch2ihmt77fqmn5nmiiglc; yf_logged_user=G%3DeqQSa0W-fvB6dlm; think_var=zh-cn',
  'accept-language' => 'zh-CN,zh;q=0.9,en;q=0.8',
  'accept-encoding' => 'gzip, deflate',
  'referer' => 'http://32zs.com/',
  'accept' => 'text/html,application/xhtml+xml,application/xml;q=0.9,image/webp,image/apng,*/*;q=0.8',
  'user-agent' => 'Mozilla/5.0 (Macintosh; Intel Mac OS X 10_12_6) AppleWebKit/537.36 (KHTML, like Gecko) Chrome/62.0.3202.94 Safari/537.36',
  'upgrade-insecure-requests' => '1',
  'connection' => 'keep-alive',
  'host' => '32zs.com',
  'content-type' => '',
  'content-length' => '',
)
[ info ] [ PARAM ] array (
)
[ info ] [ LANG ] /home/vagrant/Code/32zs/1.1.0/app/home/lang/zh-cn.php
[ info ] [ BEHAVIOR ] Run app\common\behavior\WebLog @module_init [ RunTime:0.001580s ]
[ info ] [ SESSION ] INIT array (
  'id' => '',
  'var_session_id' => '',
  'prefix' => 'think',
  'type' => '',
  'auto_start' => true,
)
[ info ] [ DB ] INIT mysql
[ info ] [ BEHAVIOR ] Run Closure @action_begin [ RunTime:0.006921s ]
[ info ] [ RUN ] app\home\controller\Center->index[ /home/vagrant/Code/32zs/1.1.0/app/home/controller/Center.php ]
[ info ] [ VIEW ] /home/vagrant/Code/32zs/1.1.0/app/home/view/default/user/center.html [ array (
  0 => 'lang',
  1 => 'map_lat',
  2 => 'map_lng',
  3 => 'site_name',
  4 => 'site_host',
  5 => 'site_tpl',
  6 => 'site_tpl_m',
  7 => 'site_logo',
  8 => 'site_icp',
  9 => 'site_tongji',
  10 => 'site_copyright',
  11 => 'site_co_name',
  12 => 'site_address',
  13 => 'site_tel',
  14 => 'site_admin_email',
  15 => 'site_qq',
  16 => 'site_seo_title',
  17 => 'site_seo_keywords',
  18 => 'site_seo_description',
  19 => 'yf_theme_path',
  20 => 'user',
  21 => 'is_admin',
  22 => 'num',
  23 => 'major',
  24 => 'school',
  25 => 'recruit_major',
  26 => 'member_list_id',
  27 => 'member_list_username',
  28 => 'member_list_pwd',
  29 => 'member_list_salt',
  30 => 'member_list_groupid',
  31 => 'member_list_nickname',
  32 => 'member_list_province',
  33 => 'member_list_city',
  34 => 'member_list_town',
  35 => 'member_list_sex',
  36 => 'member_list_headpic',
  37 => 'member_list_tel',
  38 => 'member_list_email',
  39 => 'member_list_open',
  40 => 'member_list_addtime',
  41 => 'member_list_from',
  42 => 'user_url',
  43 => 'birthday',
  44 => 'signature',
  45 => 'last_login_ip',
  46 => 'last_login_time',
  47 => 'user_activation_key',
  48 => 'user_status',
  49 => 'score',
  50 => 'coin',
  51 => 'school_id',
  52 => 'major_id',
  53 => 'major_score',
  54 => 'recruit_score',
  55 => 'address',
  56 => 'info',
  57 => 'date',
) ]
[ info ] [ BEHAVIOR ] Run app\admin\behavior\Cron @app_end [ RunTime:0.003931s ]
[ info ] [ LOG ] INIT File
[ sql ] [ DB ] CONNECT:[ UseTime:0.000306s ] mysql:dbname=zhaosheng;host=localhost;port=33060;charset=utf8
[ sql ] [ SQL ] SHOW COLUMNS FROM `zs_member_list` [ RunTime:0.000614s ]
[ sql ] [ SQL ] SELECT * FROM `zs_member_list` WHERE  `member_list_id` = 742 LIMIT 1 [ RunTime:0.000397s ]
[ sql ] [ SQL ] SHOW COLUMNS FROM `zs_admin` [ RunTime:0.000520s ]
[ sql ] [ SQL ] SELECT * FROM `zs_admin` WHERE  `member_id` = 742 LIMIT 1 [ RunTime:0.000252s ]
[ sql ] [ SQL ] SELECT * FROM `zs_member_list` `m` INNER JOIN `zs_member_info` `mi` ON `m`.`member_list_id`=`mi`.`member_list_id` WHERE  `m`.`member_list_id` = 742 LIMIT 1 [ RunTime:0.001508s ]
[ sql ] [ SQL ] SHOW COLUMNS FROM `zs_major` [ RunTime:0.000430s ]
[ sql ] [ SQL ] SELECT * FROM `zs_major` WHERE  `major_id` = 14 LIMIT 1 [ RunTime:0.000181s ]
[ sql ] [ SQL ] SHOW COLUMNS FROM `zs_school` [ RunTime:0.000309s ]
[ sql ] [ SQL ] SELECT * FROM `zs_school` WHERE  `school_id` = 18 LIMIT 1 [ RunTime:0.000153s ]
[ sql ] [ SQL ] SHOW COLUMNS FROM `zs_recruit_major` [ RunTime:0.000364s ]
[ sql ] [ SQL ] SELECT * FROM `zs_recruit_major` `rm` INNER JOIN `zs_enrollment` `e` ON `e`.`recruit_major_id`=`rm`.`recruit_major_id` WHERE  `e`.`major_ids` LIKE '%,14,%'  AND `e`.`school_id` = 18 LIMIT 1 [ RunTime:0.000242s ]

---------------------------------------------------------------
[ 2017-11-21T11:35:02+08:00 ] 192.168.10.10 192.168.10.1 GET /data/upload/avatar/590fcacb104cb.jpg
[ log ] 32zs.com/data/upload/avatar/590fcacb104cb.jpg [运行时间：0.105312s][吞吐率：9.50req/s] [内存消耗：248.19kb] [文件加载：53]
[ info ] [ LANG ] /home/vagrant/Code/32zs/1.1.0/thinkphp/lang/zh-cn.php
[ info ] [ LANG ] /home/vagrant/Code/32zs/1.1.0/app/lang/zh-cn.php
[ info ] [ CACHE ] INIT File
[ info ] [ ROUTE ] array (
  'type' => 'module',
  'module' => 
  array (
    0 => 'data',
    1 => 'upload',
    2 => 'avatar',
  ),
)
[ info ] [ HEADER ] array (
  'cookie' => 'PHPSESSID=9fu2jch2ihmt77fqmn5nmiiglc; yf_logged_user=G%3DeqQSa0W-fvB6dlm; think_var=zh-cn',
  'accept-language' => 'zh-CN,zh;q=0.9,en;q=0.8',
  'accept-encoding' => 'gzip, deflate',
  'referer' => 'http://32zs.com/home/center/index.html',
  'accept' => 'image/webp,image/apng,image/*,*/*;q=0.8',
  'user-agent' => 'Mozilla/5.0 (Macintosh; Intel Mac OS X 10_12_6) AppleWebKit/537.36 (KHTML, like Gecko) Chrome/62.0.3202.94 Safari/537.36',
  'connection' => 'keep-alive',
  'host' => '32zs.com',
  'content-type' => '',
  'content-length' => '',
)
[ info ] [ PARAM ] array (
)
[ info ] [ LOG ] INIT File

---------------------------------------------------------------
[ 2017-11-21T11:38:39+08:00 ] 192.168.10.10 192.168.10.1 GET /home/center/index.html
[ log ] 32zs.com/home/center/index.html [运行时间：0.174352s][吞吐率：5.74req/s] [内存消耗：601.55kb] [文件加载：81]
[ info ] [ LANG ] /home/vagrant/Code/32zs/1.1.0/thinkphp/lang/zh-cn.php
[ info ] [ LANG ] /home/vagrant/Code/32zs/1.1.0/app/lang/zh-cn.php
[ info ] [ CACHE ] INIT File
[ info ] [ ROUTE ] array (
  'type' => 'module',
  'module' => 
  array (
    0 => 'home',
    1 => 'center',
    2 => 'index',
  ),
)
[ info ] [ HEADER ] array (
  'cookie' => 'PHPSESSID=9fu2jch2ihmt77fqmn5nmiiglc; yf_logged_user=G%3DeqQSa0W-fvB6dlm; think_var=zh-cn',
  'accept-language' => 'zh-CN,zh;q=0.9,en;q=0.8',
  'accept-encoding' => 'gzip, deflate',
  'referer' => 'http://32zs.com/',
  'accept' => 'text/html,application/xhtml+xml,application/xml;q=0.9,image/webp,image/apng,*/*;q=0.8',
  'upgrade-insecure-requests' => '1',
  'user-agent' => 'Mozilla/5.0 (Macintosh; Intel Mac OS X 10_12_6) AppleWebKit/537.36 (KHTML, like Gecko) Chrome/62.0.3202.94 Safari/537.36',
  'cache-control' => 'max-age=0',
  'connection' => 'keep-alive',
  'host' => '32zs.com',
  'content-type' => '',
  'content-length' => '',
)
[ info ] [ PARAM ] array (
)
[ info ] [ LANG ] /home/vagrant/Code/32zs/1.1.0/app/home/lang/zh-cn.php
[ info ] [ BEHAVIOR ] Run app\common\behavior\WebLog @module_init [ RunTime:0.002111s ]
[ info ] [ SESSION ] INIT array (
  'id' => '',
  'var_session_id' => '',
  'prefix' => 'think',
  'type' => '',
  'auto_start' => true,
)
[ info ] [ DB ] INIT mysql
[ info ] [ BEHAVIOR ] Run Closure @action_begin [ RunTime:0.010326s ]
[ info ] [ RUN ] app\home\controller\Center->index[ /home/vagrant/Code/32zs/1.1.0/app/home/controller/Center.php ]
[ info ] [ VIEW ] /home/vagrant/Code/32zs/1.1.0/app/home/view/default/user/center.html [ array (
  0 => 'lang',
  1 => 'map_lat',
  2 => 'map_lng',
  3 => 'site_name',
  4 => 'site_host',
  5 => 'site_tpl',
  6 => 'site_tpl_m',
  7 => 'site_logo',
  8 => 'site_icp',
  9 => 'site_tongji',
  10 => 'site_copyright',
  11 => 'site_co_name',
  12 => 'site_address',
  13 => 'site_tel',
  14 => 'site_admin_email',
  15 => 'site_qq',
  16 => 'site_seo_title',
  17 => 'site_seo_keywords',
  18 => 'site_seo_description',
  19 => 'yf_theme_path',
  20 => 'user',
  21 => 'is_admin',
  22 => 'num',
  23 => 'major',
  24 => 'school',
  25 => 'recruit_major',
  26 => 'member_list_id',
  27 => 'member_list_username',
  28 => 'member_list_pwd',
  29 => 'member_list_salt',
  30 => 'member_list_groupid',
  31 => 'member_list_nickname',
  32 => 'member_list_province',
  33 => 'member_list_city',
  34 => 'member_list_town',
  35 => 'member_list_sex',
  36 => 'member_list_headpic',
  37 => 'member_list_tel',
  38 => 'member_list_email',
  39 => 'member_list_open',
  40 => 'member_list_addtime',
  41 => 'member_list_from',
  42 => 'user_url',
  43 => 'birthday',
  44 => 'signature',
  45 => 'last_login_ip',
  46 => 'last_login_time',
  47 => 'user_activation_key',
  48 => 'user_status',
  49 => 'score',
  50 => 'coin',
  51 => 'school_id',
  52 => 'major_id',
  53 => 'major_score',
  54 => 'recruit_score',
  55 => 'address',
  56 => 'info',
  57 => 'date',
) ]
[ info ] [ BEHAVIOR ] Run app\admin\behavior\Cron @app_end [ RunTime:0.005010s ]
[ info ] [ LOG ] INIT File
[ sql ] [ DB ] CONNECT:[ UseTime:0.000340s ] mysql:dbname=zhaosheng;host=localhost;port=33060;charset=utf8
[ sql ] [ SQL ] SHOW COLUMNS FROM `zs_member_list` [ RunTime:0.000615s ]
[ sql ] [ SQL ] SELECT * FROM `zs_member_list` WHERE  `member_list_id` = 742 LIMIT 1 [ RunTime:0.000338s ]
[ sql ] [ SQL ] SHOW COLUMNS FROM `zs_admin` [ RunTime:0.000415s ]
[ sql ] [ SQL ] SELECT * FROM `zs_admin` WHERE  `member_id` = 742 LIMIT 1 [ RunTime:0.000236s ]
[ sql ] [ SQL ] SELECT * FROM `zs_member_list` `m` INNER JOIN `zs_member_info` `mi` ON `m`.`member_list_id`=`mi`.`member_list_id` WHERE  `m`.`member_list_id` = 742 LIMIT 1 [ RunTime:0.001390s ]
[ sql ] [ SQL ] SHOW COLUMNS FROM `zs_major` [ RunTime:0.000419s ]
[ sql ] [ SQL ] SELECT * FROM `zs_major` WHERE  `major_id` = 14 LIMIT 1 [ RunTime:0.000260s ]
[ sql ] [ SQL ] SHOW COLUMNS FROM `zs_school` [ RunTime:0.000439s ]
[ sql ] [ SQL ] SELECT * FROM `zs_school` WHERE  `school_id` = 18 LIMIT 1 [ RunTime:0.000202s ]
[ sql ] [ SQL ] SHOW COLUMNS FROM `zs_recruit_major` [ RunTime:0.000360s ]
[ sql ] [ SQL ] SELECT * FROM `zs_recruit_major` `rm` INNER JOIN `zs_enrollment` `e` ON `e`.`recruit_major_id`=`rm`.`recruit_major_id` WHERE  `e`.`major_ids` LIKE '%,14,%'  AND `e`.`school_id` = 18 LIMIT 1 [ RunTime:0.000304s ]

---------------------------------------------------------------
[ 2017-11-21T11:38:40+08:00 ] 192.168.10.10 192.168.10.1 GET /data/upload/avatar/590fcacb104cb.jpg
[ log ] 32zs.com/data/upload/avatar/590fcacb104cb.jpg [运行时间：0.128137s][吞吐率：7.80req/s] [内存消耗：248.19kb] [文件加载：53]
[ info ] [ LANG ] /home/vagrant/Code/32zs/1.1.0/thinkphp/lang/zh-cn.php
[ info ] [ LANG ] /home/vagrant/Code/32zs/1.1.0/app/lang/zh-cn.php
[ info ] [ CACHE ] INIT File
[ info ] [ ROUTE ] array (
  'type' => 'module',
  'module' => 
  array (
    0 => 'data',
    1 => 'upload',
    2 => 'avatar',
  ),
)
[ info ] [ HEADER ] array (
  'cookie' => 'PHPSESSID=9fu2jch2ihmt77fqmn5nmiiglc; yf_logged_user=G%3DeqQSa0W-fvB6dlm; think_var=zh-cn',
  'accept-language' => 'zh-CN,zh;q=0.9,en;q=0.8',
  'accept-encoding' => 'gzip, deflate',
  'referer' => 'http://32zs.com/home/center/index.html',
  'accept' => 'image/webp,image/apng,image/*,*/*;q=0.8',
  'user-agent' => 'Mozilla/5.0 (Macintosh; Intel Mac OS X 10_12_6) AppleWebKit/537.36 (KHTML, like Gecko) Chrome/62.0.3202.94 Safari/537.36',
  'connection' => 'keep-alive',
  'host' => '32zs.com',
  'content-type' => '',
  'content-length' => '',
)
[ info ] [ PARAM ] array (
)
[ info ] [ LOG ] INIT File

---------------------------------------------------------------
[ 2017-11-21T12:39:39+08:00 ] 192.168.10.10 192.168.10.1 GET /admin
[ log ] 32zs.com/admin [运行时间：0.157613s][吞吐率：6.34req/s] [内存消耗：453.87kb] [文件加载：74]
[ info ] [ LANG ] /home/vagrant/Code/32zs/1.1.0/thinkphp/lang/zh-cn.php
[ info ] [ LANG ] /home/vagrant/Code/32zs/1.1.0/app/lang/zh-cn.php
[ info ] [ CACHE ] INIT File
[ info ] [ ROUTE ] array (
  'type' => 'module',
  'module' => 
  array (
    0 => 'admin',
    1 => NULL,
    2 => NULL,
  ),
)
[ info ] [ HEADER ] array (
  'cookie' => 'PHPSESSID=9fu2jch2ihmt77fqmn5nmiiglc; yf_logged_user=G%3DeqQSa0W-fvB6dlm',
  'accept-language' => 'zh-CN,zh;q=0.9,en;q=0.8',
  'accept-encoding' => 'gzip, deflate',
  'accept' => 'text/html,application/xhtml+xml,application/xml;q=0.9,image/webp,image/apng,*/*;q=0.8',
  'upgrade-insecure-requests' => '1',
  'user-agent' => 'Mozilla/5.0 (Macintosh; Intel Mac OS X 10_12_6) AppleWebKit/537.36 (KHTML, like Gecko) Chrome/62.0.3202.94 Safari/537.36',
  'connection' => 'keep-alive',
  'host' => '32zs.com',
  'content-type' => '',
  'content-length' => '',
)
[ info ] [ PARAM ] array (
)
[ info ] [ BEHAVIOR ] Run app\common\behavior\WebLog @module_init [ RunTime:0.002097s ]
[ info ] [ DB ] INIT mysql
[ info ] [ SESSION ] INIT array (
  'id' => '',
  'var_session_id' => '',
  'prefix' => 'think',
  'type' => '',
  'auto_start' => true,
)
[ info ] [ BEHAVIOR ] Run app\admin\behavior\Cron @app_end [ RunTime:0.005772s ]
[ info ] [ LOG ] INIT File

---------------------------------------------------------------
[ 2017-11-21T12:39:39+08:00 ] 192.168.10.10 192.168.10.1 GET /admin/login/login.html
[ log ] 32zs.com/admin/login/login.html [运行时间：0.167509s][吞吐率：5.97req/s] [内存消耗：456.96kb] [文件加载：76]
[ info ] [ LANG ] /home/vagrant/Code/32zs/1.1.0/thinkphp/lang/zh-cn.php
[ info ] [ LANG ] /home/vagrant/Code/32zs/1.1.0/app/lang/zh-cn.php
[ info ] [ CACHE ] INIT File
[ info ] [ ROUTE ] array (
  'type' => 'module',
  'module' => 
  array (
    0 => 'admin',
    1 => 'login',
    2 => 'login',
  ),
)
[ info ] [ HEADER ] array (
  'cookie' => 'PHPSESSID=9fu2jch2ihmt77fqmn5nmiiglc; yf_logged_user=G%3DeqQSa0W-fvB6dlm; think_var=zh-cn',
  'accept-language' => 'zh-CN,zh;q=0.9,en;q=0.8',
  'accept-encoding' => 'gzip, deflate',
  'accept' => 'text/html,application/xhtml+xml,application/xml;q=0.9,image/webp,image/apng,*/*;q=0.8',
  'upgrade-insecure-requests' => '1',
  'user-agent' => 'Mozilla/5.0 (Macintosh; Intel Mac OS X 10_12_6) AppleWebKit/537.36 (KHTML, like Gecko) Chrome/62.0.3202.94 Safari/537.36',
  'connection' => 'keep-alive',
  'host' => '32zs.com',
  'content-type' => '',
  'content-length' => '',
)
[ info ] [ PARAM ] array (
)
[ info ] [ BEHAVIOR ] Run app\common\behavior\WebLog @module_init [ RunTime:0.002562s ]
[ info ] [ BEHAVIOR ] Run Closure @action_begin [ RunTime:0.009780s ]
[ info ] [ RUN ] app\admin\controller\Login->login[ /home/vagrant/Code/32zs/1.1.0/app/admin/controller/Login.php ]
[ info ] [ DB ] INIT mysql
[ info ] [ SESSION ] INIT array (
  'id' => '',
  'var_session_id' => '',
  'prefix' => 'think',
  'type' => '',
  'auto_start' => true,
)
[ info ] [ VIEW ] /home/vagrant/Code/32zs/1.1.0/app/admin/view/login/login.html [ array (
  0 => 'lang',
) ]
[ info ] [ BEHAVIOR ] Run app\admin\behavior\Cron @app_end [ RunTime:0.005195s ]
[ info ] [ LOG ] INIT File

---------------------------------------------------------------
[ 2017-11-21T12:39:40+08:00 ] 192.168.10.10 192.168.10.1 GET /admin/login/verify.html
[ log ] 32zs.com/admin/login/verify.html [运行时间：0.258574s][吞吐率：3.87req/s] [内存消耗：456.84kb] [文件加载：75]
[ info ] [ LANG ] /home/vagrant/Code/32zs/1.1.0/thinkphp/lang/zh-cn.php
[ info ] [ LANG ] /home/vagrant/Code/32zs/1.1.0/app/lang/zh-cn.php
[ info ] [ CACHE ] INIT File
[ info ] [ ROUTE ] array (
  'type' => 'module',
  'module' => 
  array (
    0 => 'admin',
    1 => 'login',
    2 => 'verify',
  ),
)
[ info ] [ HEADER ] array (
  'cookie' => 'PHPSESSID=9fu2jch2ihmt77fqmn5nmiiglc; yf_logged_user=G%3DeqQSa0W-fvB6dlm; think_var=zh-cn',
  'accept-language' => 'zh-CN,zh;q=0.9,en;q=0.8',
  'accept-encoding' => 'gzip, deflate',
  'referer' => 'http://32zs.com/admin/login/login.html',
  'accept' => 'image/webp,image/apng,image/*,*/*;q=0.8',
  'user-agent' => 'Mozilla/5.0 (Macintosh; Intel Mac OS X 10_12_6) AppleWebKit/537.36 (KHTML, like Gecko) Chrome/62.0.3202.94 Safari/537.36',
  'connection' => 'keep-alive',
  'host' => '32zs.com',
  'content-type' => '',
  'content-length' => '',
)
[ info ] [ PARAM ] array (
)
[ info ] [ BEHAVIOR ] Run app\common\behavior\WebLog @module_init [ RunTime:0.004866s ]
[ info ] [ BEHAVIOR ] Run Closure @action_begin [ RunTime:0.015443s ]
[ info ] [ RUN ] app\admin\controller\Login->verify[ /home/vagrant/Code/32zs/1.1.0/app/admin/controller/Login.php ]
[ info ] [ DB ] INIT mysql
[ info ] [ SESSION ] INIT array (
  'id' => '',
  'var_session_id' => '',
  'prefix' => 'think',
  'type' => '',
  'auto_start' => true,
)
[ info ] [ BEHAVIOR ] Run app\admin\behavior\Cron @app_end [ RunTime:0.006617s ]
[ info ] [ LOG ] INIT File

---------------------------------------------------------------
[ 2017-11-21T12:39:40+08:00 ] 192.168.10.10 192.168.10.1 GET /geetest.html?t=1511239180121
[ log ] 32zs.com/geetest.html?t=1511239180121 [运行时间：0.369122s][吞吐率：2.71req/s] [内存消耗：255.41kb] [文件加载：56]
[ info ] [ LANG ] /home/vagrant/Code/32zs/1.1.0/thinkphp/lang/zh-cn.php
[ info ] [ LANG ] /home/vagrant/Code/32zs/1.1.0/app/lang/zh-cn.php
[ info ] [ CACHE ] INIT File
[ info ] [ ROUTE ] array (
  'type' => 'method',
  'method' => 
  array (
    0 => '\\think\\geetest\\GeetestController',
    1 => 'index',
  ),
  'var' => 
  array (
  ),
)
[ info ] [ HEADER ] array (
  'cookie' => 'PHPSESSID=9fu2jch2ihmt77fqmn5nmiiglc; yf_logged_user=G%3DeqQSa0W-fvB6dlm; think_var=zh-cn',
  'accept-language' => 'zh-CN,zh;q=0.9,en;q=0.8',
  'accept-encoding' => 'gzip, deflate',
  'referer' => 'http://32zs.com/admin/login/login.html',
  'user-agent' => 'Mozilla/5.0 (Macintosh; Intel Mac OS X 10_12_6) AppleWebKit/537.36 (KHTML, like Gecko) Chrome/62.0.3202.94 Safari/537.36',
  'x-requested-with' => 'XMLHttpRequest',
  'accept' => 'application/json, text/javascript, */*; q=0.01',
  'connection' => 'keep-alive',
  'host' => '32zs.com',
  'content-type' => '',
  'content-length' => '',
)
[ info ] [ PARAM ] array (
  't' => '1511239180121',
  'id' => NULL,
)
[ info ] [ RUN ] think\geetest\GeetestController->index[ /home/vagrant/Code/32zs/1.1.0/vendor/yfcmf/geetest/src/GeetestController.php ]
[ info ] [ SESSION ] INIT array (
  'id' => '',
  'var_session_id' => '',
  'prefix' => 'think',
  'type' => '',
  'auto_start' => true,
)
[ info ] [ BEHAVIOR ] Run app\admin\behavior\Cron @app_end [ RunTime:0.006175s ]
[ info ] [ LOG ] INIT File

---------------------------------------------------------------
[ 2017-11-21T12:39:46+08:00 ] 192.168.10.10 192.168.10.1 POST /admin/login/runlogin.html
[ log ] 32zs.com/admin/login/runlogin.html [运行时间：0.253802s][吞吐率：3.94req/s] [内存消耗：3,259.30kb] [文件加载：102]
[ info ] [ LANG ] /home/vagrant/Code/32zs/1.1.0/thinkphp/lang/zh-cn.php
[ info ] [ LANG ] /home/vagrant/Code/32zs/1.1.0/app/lang/zh-cn.php
[ info ] [ CACHE ] INIT File
[ info ] [ ROUTE ] array (
  'type' => 'module',
  'module' => 
  array (
    0 => 'admin',
    1 => 'login',
    2 => 'runlogin',
  ),
)
[ info ] [ HEADER ] array (
  'cookie' => 'PHPSESSID=9fu2jch2ihmt77fqmn5nmiiglc; yf_logged_user=G%3DeqQSa0W-fvB6dlm; think_var=zh-cn',
  'accept-language' => 'zh-CN,zh;q=0.9,en;q=0.8',
  'accept-encoding' => 'gzip, deflate',
  'referer' => 'http://32zs.com/admin/login/login.html',
  'content-type' => 'application/x-www-form-urlencoded; charset=UTF-8',
  'user-agent' => 'Mozilla/5.0 (Macintosh; Intel Mac OS X 10_12_6) AppleWebKit/537.36 (KHTML, like Gecko) Chrome/62.0.3202.94 Safari/537.36',
  'x-requested-with' => 'XMLHttpRequest',
  'origin' => 'http://32zs.com',
  'accept' => 'application/json, text/javascript, */*; q=0.01',
  'content-length' => '53',
  'connection' => 'keep-alive',
  'host' => '32zs.com',
)
[ info ] [ PARAM ] array (
  'admin_username' => 'admin',
  'admin_pwd' => 'gdaibadmin',
  'verify' => 'eljt',
)
[ info ] [ SESSION ] INIT array (
  'id' => '',
  'var_session_id' => '',
  'prefix' => 'think',
  'type' => '',
  'auto_start' => true,
)
[ info ] [ DB ] INIT mysql
[ info ] [ BEHAVIOR ] Run app\common\behavior\WebLog @module_init [ RunTime:0.107794s ]
[ info ] [ BEHAVIOR ] Run Closure @action_begin [ RunTime:0.010385s ]
[ info ] [ RUN ] app\admin\controller\Login->runlogin[ /home/vagrant/Code/32zs/1.1.0/app/admin/controller/Login.php ]
[ info ] [ BEHAVIOR ] Run app\admin\behavior\Cron @app_end [ RunTime:0.006437s ]
[ info ] [ LOG ] INIT File
[ sql ] [ DB ] CONNECT:[ UseTime:0.000353s ] mysql:dbname=zhaosheng;host=localhost;port=33060;charset=utf8
[ sql ] [ SQL ] SHOW COLUMNS FROM `zs_web_log` [ RunTime:0.000601s ]
[ sql ] [ SQL ] INSERT INTO `zs_web_log` (`uid` , `ip` , `location` , `os` , `browser` , `url` , `module` , `controller` , `action` , `method` , `data` , `otime`) VALUES (0 , '192.168.10.1' , '局域网 局域网  ' , 'Mac' , 'Chrome(62.0.3202.94)' , '/admin/login/runlogin.html' , 'admin' , 'Login' , 'runlogin' , 'Ajax' , 's:12:\"保密数据\";' , 1511239186) [ RunTime:0.000409s ]
[ sql ] [ SQL ] SHOW COLUMNS FROM `zs_admin` [ RunTime:0.000626s ]
[ sql ] [ SQL ] SELECT * FROM `zs_admin` WHERE  `admin_username` = 'admin'  AND `admin_open` = 1 LIMIT 1 [ RunTime:0.000385s ]
[ sql ] [ SQL ] UPDATE `zs_admin`  SET `admin_hits`=165,`admin_last_time`=1511239186  WHERE  `admin_id` = 1 [ RunTime:0.000445s ]
[ sql ] [ SQL ] SELECT * FROM `zs_admin` WHERE  `admin_id` = 1 LIMIT 1 [ RunTime:0.000302s ]
[ sql ] [ SQL ] SHOW COLUMNS FROM `zs_member_list` [ RunTime:0.000551s ]
[ sql ] [ SQL ] SELECT * FROM `zs_member_list` WHERE  `member_list_id` = 1 LIMIT 1 [ RunTime:0.000270s ]

---------------------------------------------------------------
[ 2017-11-21T12:39:46+08:00 ] 192.168.10.10 192.168.10.1 GET /admin/index/index.html
[ log ] 32zs.com/admin/index/index.html [运行时间：0.221676s][吞吐率：4.51req/s] [内存消耗：1,891.96kb] [文件加载：82]
[ info ] [ LANG ] /home/vagrant/Code/32zs/1.1.0/thinkphp/lang/zh-cn.php
[ info ] [ LANG ] /home/vagrant/Code/32zs/1.1.0/app/lang/zh-cn.php
[ info ] [ CACHE ] INIT File
[ info ] [ ROUTE ] array (
  'type' => 'module',
  'module' => 
  array (
    0 => 'admin',
    1 => 'index',
    2 => 'index',
  ),
)
[ info ] [ HEADER ] array (
  'cookie' => 'PHPSESSID=9fu2jch2ihmt77fqmn5nmiiglc; think_var=zh-cn; yf_logged_user=yZ7XFY3QK1cUeW5tf',
  'accept-language' => 'zh-CN,zh;q=0.9,en;q=0.8',
  'accept-encoding' => 'gzip, deflate',
  'referer' => 'http://32zs.com/admin/login/login.html',
  'accept' => 'text/html,application/xhtml+xml,application/xml;q=0.9,image/webp,image/apng,*/*;q=0.8',
  'user-agent' => 'Mozilla/5.0 (Macintosh; Intel Mac OS X 10_12_6) AppleWebKit/537.36 (KHTML, like Gecko) Chrome/62.0.3202.94 Safari/537.36',
  'upgrade-insecure-requests' => '1',
  'connection' => 'keep-alive',
  'host' => '32zs.com',
  'content-type' => '',
  'content-length' => '',
)
[ info ] [ PARAM ] array (
)
[ info ] [ BEHAVIOR ] Run app\common\behavior\WebLog @module_init [ RunTime:0.001885s ]
[ info ] [ DB ] INIT mysql
[ info ] [ SESSION ] INIT array (
  'id' => '',
  'var_session_id' => '',
  'prefix' => 'think',
  'type' => '',
  'auto_start' => true,
)
[ info ] [ BEHAVIOR ] Run Closure @action_begin [ RunTime:0.011038s ]
[ info ] [ RUN ] app\admin\controller\Index->index[ /home/vagrant/Code/32zs/1.1.0/app/admin/controller/Index.php ]
[ info ] [ VIEW ] /home/vagrant/Code/32zs/1.1.0/app/admin/view/index/index.html [ array (
  0 => 'lang',
  1 => 'menus',
  2 => 'menus_curr',
  3 => 'menus_child',
  4 => 'id_curr',
  5 => 'admin',
  6 => 'head_title',
  7 => 'admin_avatar',
  8 => 'news_list',
  9 => 'news_count',
  10 => 'members_count',
  11 => 'sugs_count',
  12 => 'coms_count',
  13 => 'tonews_count',
  14 => 'ztnews_count',
  15 => 'difday',
  16 => 'tomembers_count',
  17 => 'ztmembers_count',
  18 => 'difday_m',
  19 => 'tosugs_count',
  20 => 'ztsugs_count',
  21 => 'difday_s',
  22 => 'tocoms_count',
  23 => 'ztcoms_count',
  24 => 'difday_c',
) ]
[ info ] [ VIEW ] /home/vagrant/Code/32zs/1.1.0/addons/maintain/maintain.html [ array (
  0 => 'danger_mode_debug',
  1 => 'weak_setting_db_password',
  2 => 'weak_setting_admin_last_change_password',
  3 => 'system_safe',
  4 => 'system_pageshow',
  5 => 'log_size',
  6 => 'log_file_cnt',
) ]
[ info ] [ BEHAVIOR ] Run \addons\maintain\Maintain @maintain [ RunTime:0.019844s ]
[ info ] [ BEHAVIOR ] Run app\admin\behavior\Cron @app_end [ RunTime:0.005316s ]
[ info ] [ LOG ] INIT File
[ sql ] [ DB ] CONNECT:[ UseTime:0.000278s ] mysql:dbname=zhaosheng;host=localhost;port=33060;charset=utf8
[ sql ] [ SQL ] SHOW COLUMNS FROM `zs_auth_rule` [ RunTime:0.000518s ]
[ sql ] [ SQL ] SELECT `id`,`pid` FROM `zs_auth_rule` ORDER BY level desc,sort [ RunTime:0.000389s ]
[ sql ] [ SQL ] SELECT `pid` FROM `zs_auth_rule` WHERE  `id` = -1 LIMIT 1 [ RunTime:0.000155s ]
[ sql ] [ SQL ] SELECT * FROM `zs_auth_rule` WHERE  `status` = 1  AND `pid` = null ORDER BY `sort` [ RunTime:0.000261s ]
[ sql ] [ SQL ] SHOW COLUMNS FROM `zs_admin` [ RunTime:0.000388s ]
[ sql ] [ SQL ] SELECT * FROM `zs_admin` `a` INNER JOIN `zs_auth_group_access` `b` ON `a`.`admin_id`=`b`.`uid` INNER JOIN `zs_auth_group` `c` ON `b`.`group_id`=`c`.`id` WHERE  `a`.`admin_id` = 1 LIMIT 1 [ RunTime:0.000370s ]
[ sql ] [ SQL ] SHOW COLUMNS FROM `zs_news` [ RunTime:0.000427s ]
[ sql ] [ SQL ] SELECT COUNT(*) AS tp_count FROM `zs_news` WHERE  `news_auto` = '1' LIMIT 1 [ RunTime:0.000220s ]
[ sql ] [ SQL ] SELECT * FROM `zs_news` WHERE  `news_l` = 'zh-cn' ORDER BY news_hits desc LIMIT 0,10 [ RunTime:0.000423s ]
[ sql ] [ SQL ] SELECT COUNT(*) AS tp_count FROM `zs_news` LIMIT 1 [ RunTime:0.000123s ]
[ sql ] [ SQL ] SHOW COLUMNS FROM `zs_member_list` [ RunTime:0.000561s ]
[ sql ] [ SQL ] SELECT COUNT(*) AS tp_count FROM `zs_member_list` LIMIT 1 [ RunTime:0.000120s ]
[ sql ] [ SQL ] SHOW COLUMNS FROM `zs_plug_sug` [ RunTime:0.000473s ]
[ sql ] [ SQL ] SELECT COUNT(*) AS tp_count FROM `zs_plug_sug` LIMIT 1 [ RunTime:0.000301s ]
[ sql ] [ SQL ] SHOW COLUMNS FROM `zs_comments` [ RunTime:0.000564s ]
[ sql ] [ SQL ] SELECT COUNT(*) AS tp_count FROM `zs_comments` LIMIT 1 [ RunTime:0.000113s ]
[ sql ] [ SQL ] SELECT COUNT(*) AS tp_count FROM `zs_news` WHERE  `news_time` BETWEEN 1511193600 AND 1511279999 LIMIT 1 [ RunTime:0.000254s ]
[ sql ] [ SQL ] SELECT COUNT(*) AS tp_count FROM `zs_news` WHERE  `news_time` BETWEEN 1511107200 AND 1511193599 LIMIT 1 [ RunTime:0.000190s ]
[ sql ] [ SQL ] SELECT COUNT(*) AS tp_count FROM `zs_member_list` WHERE  `member_list_addtime` BETWEEN 1511193600 AND 1511279999 LIMIT 1 [ RunTime:0.000405s ]
[ sql ] [ SQL ] SELECT COUNT(*) AS tp_count FROM `zs_member_list` WHERE  `member_list_addtime` BETWEEN 1511107200 AND 1511193599 LIMIT 1 [ RunTime:0.000388s ]
[ sql ] [ SQL ] SELECT COUNT(*) AS tp_count FROM `zs_plug_sug` WHERE  `plug_sug_addtime` BETWEEN 1511193600 AND 1511279999 LIMIT 1 [ RunTime:0.000133s ]
[ sql ] [ SQL ] SELECT COUNT(*) AS tp_count FROM `zs_plug_sug` WHERE  `plug_sug_addtime` BETWEEN 1511107200 AND 1511193599 LIMIT 1 [ RunTime:0.000128s ]
[ sql ] [ SQL ] SELECT COUNT(*) AS tp_count FROM `zs_comments` WHERE  `createtime` BETWEEN 1511193600 AND 1511279999 LIMIT 1 [ RunTime:0.000128s ]
[ sql ] [ SQL ] SELECT COUNT(*) AS tp_count FROM `zs_comments` WHERE  `createtime` BETWEEN 1511107200 AND 1511193599 LIMIT 1 [ RunTime:0.000127s ]

---------------------------------------------------------------
[ 2017-11-21T12:39:46+08:00 ] 192.168.10.10 192.168.10.1 GET /data/upload/avatar/590a7afd94ce6.jpg
[ log ] 32zs.com/data/upload/avatar/590a7afd94ce6.jpg [运行时间：0.187018s][吞吐率：5.35req/s] [内存消耗：248.19kb] [文件加载：53]
[ info ] [ LANG ] /home/vagrant/Code/32zs/1.1.0/thinkphp/lang/zh-cn.php
[ info ] [ LANG ] /home/vagrant/Code/32zs/1.1.0/app/lang/zh-cn.php
[ info ] [ CACHE ] INIT File
[ info ] [ ROUTE ] array (
  'type' => 'module',
  'module' => 
  array (
    0 => 'data',
    1 => 'upload',
    2 => 'avatar',
  ),
)
[ info ] [ HEADER ] array (
  'cookie' => 'PHPSESSID=9fu2jch2ihmt77fqmn5nmiiglc; think_var=zh-cn; yf_logged_user=yZ7XFY3QK1cUeW5tf',
  'accept-language' => 'zh-CN,zh;q=0.9,en;q=0.8',
  'accept-encoding' => 'gzip, deflate',
  'referer' => 'http://32zs.com/admin/index/index.html',
  'accept' => 'image/webp,image/apng,image/*,*/*;q=0.8',
  'user-agent' => 'Mozilla/5.0 (Macintosh; Intel Mac OS X 10_12_6) AppleWebKit/537.36 (KHTML, like Gecko) Chrome/62.0.3202.94 Safari/537.36',
  'connection' => 'keep-alive',
  'host' => '32zs.com',
  'content-type' => '',
  'content-length' => '',
)
[ info ] [ PARAM ] array (
)
[ info ] [ LOG ] INIT File

---------------------------------------------------------------
[ 2017-11-21T12:39:49+08:00 ] 192.168.10.10 192.168.10.1 GET /admin/member/member_group_list.html
[ log ] 32zs.com/admin/member/member_group_list.html [运行时间：0.182659s][吞吐率：5.47req/s] [内存消耗：1,728.73kb] [文件加载：78]
[ info ] [ LANG ] /home/vagrant/Code/32zs/1.1.0/thinkphp/lang/zh-cn.php
[ info ] [ LANG ] /home/vagrant/Code/32zs/1.1.0/app/lang/zh-cn.php
[ info ] [ CACHE ] INIT File
[ info ] [ ROUTE ] array (
  'type' => 'module',
  'module' => 
  array (
    0 => 'admin',
    1 => 'member',
    2 => 'member_group_list',
  ),
)
[ info ] [ HEADER ] array (
  'cookie' => 'PHPSESSID=9fu2jch2ihmt77fqmn5nmiiglc; think_var=zh-cn; yf_logged_user=yZ7XFY3QK1cUeW5tf',
  'accept-language' => 'zh-CN,zh;q=0.9,en;q=0.8',
  'accept-encoding' => 'gzip, deflate',
  'referer' => 'http://32zs.com/admin/index/index.html',
  'accept' => 'text/html,application/xhtml+xml,application/xml;q=0.9,image/webp,image/apng,*/*;q=0.8',
  'user-agent' => 'Mozilla/5.0 (Macintosh; Intel Mac OS X 10_12_6) AppleWebKit/537.36 (KHTML, like Gecko) Chrome/62.0.3202.94 Safari/537.36',
  'upgrade-insecure-requests' => '1',
  'connection' => 'keep-alive',
  'host' => '32zs.com',
  'content-type' => '',
  'content-length' => '',
)
[ info ] [ PARAM ] array (
)
[ info ] [ BEHAVIOR ] Run app\common\behavior\WebLog @module_init [ RunTime:0.002063s ]
[ info ] [ DB ] INIT mysql
[ info ] [ SESSION ] INIT array (
  'id' => '',
  'var_session_id' => '',
  'prefix' => 'think',
  'type' => '',
  'auto_start' => true,
)
[ info ] [ BEHAVIOR ] Run Closure @action_begin [ RunTime:0.012552s ]
[ info ] [ RUN ] app\admin\controller\Member->member_group_list[ /home/vagrant/Code/32zs/1.1.0/app/admin/controller/Member.php ]
[ info ] [ VIEW ] /home/vagrant/Code/32zs/1.1.0/app/admin/view/member/member_group_list.html [ array (
  0 => 'lang',
  1 => 'menus',
  2 => 'menus_curr',
  3 => 'menus_child',
  4 => 'id_curr',
  5 => 'admin',
  6 => 'head_title',
  7 => 'admin_avatar',
  8 => 'member_group_list',
) ]
[ info ] [ BEHAVIOR ] Run app\admin\behavior\Cron @app_end [ RunTime:0.006212s ]
[ info ] [ LOG ] INIT File
[ sql ] [ DB ] CONNECT:[ UseTime:0.000319s ] mysql:dbname=zhaosheng;host=localhost;port=33060;charset=utf8
[ sql ] [ SQL ] SHOW COLUMNS FROM `zs_auth_rule` [ RunTime:0.000596s ]
[ sql ] [ SQL ] SELECT `id` FROM `zs_auth_rule` WHERE  `name` = 'admin/Member/member_group_list' ORDER BY level desc,sort LIMIT 1 [ RunTime:0.000331s ]
[ sql ] [ SQL ] SELECT `id`,`pid` FROM `zs_auth_rule` ORDER BY level desc,sort [ RunTime:0.000563s ]
[ sql ] [ SQL ] SELECT `id` FROM `zs_auth_rule` WHERE  `name` = 'admin/Member/member_group_list'  AND `status` = 1 ORDER BY level desc,sort LIMIT 1 [ RunTime:0.000309s ]
[ sql ] [ SQL ] SELECT `pid` FROM `zs_auth_rule` WHERE  `id` = 38 LIMIT 1 [ RunTime:0.000208s ]
[ sql ] [ SQL ] SELECT * FROM `zs_auth_rule` WHERE  `status` = 1  AND `pid` = 27 ORDER BY `sort` [ RunTime:0.000455s ]
[ sql ] [ SQL ] SHOW COLUMNS FROM `zs_admin` [ RunTime:0.000533s ]
[ sql ] [ SQL ] SELECT * FROM `zs_admin` `a` INNER JOIN `zs_auth_group_access` `b` ON `a`.`admin_id`=`b`.`uid` INNER JOIN `zs_auth_group` `c` ON `b`.`group_id`=`c`.`id` WHERE  `a`.`admin_id` = 1 LIMIT 1 [ RunTime:0.000308s ]
[ sql ] [ SQL ] SHOW COLUMNS FROM `zs_news` [ RunTime:0.000416s ]
[ sql ] [ SQL ] SELECT COUNT(*) AS tp_count FROM `zs_news` WHERE  `news_auto` = '1' LIMIT 1 [ RunTime:0.000255s ]
[ sql ] [ SQL ] SHOW COLUMNS FROM `zs_member_group` [ RunTime:0.000641s ]
[ sql ] [ SQL ] SELECT * FROM `zs_member_group` ORDER BY `member_group_order` [ RunTime:0.000169s ]

---------------------------------------------------------------
[ 2017-11-21T12:39:49+08:00 ] 192.168.10.10 192.168.10.1 GET /data/upload/avatar/590a7afd94ce6.jpg
[ log ] 32zs.com/data/upload/avatar/590a7afd94ce6.jpg [运行时间：0.125862s][吞吐率：7.95req/s] [内存消耗：248.19kb] [文件加载：53]
[ info ] [ LANG ] /home/vagrant/Code/32zs/1.1.0/thinkphp/lang/zh-cn.php
[ info ] [ LANG ] /home/vagrant/Code/32zs/1.1.0/app/lang/zh-cn.php
[ info ] [ CACHE ] INIT File
[ info ] [ ROUTE ] array (
  'type' => 'module',
  'module' => 
  array (
    0 => 'data',
    1 => 'upload',
    2 => 'avatar',
  ),
)
[ info ] [ HEADER ] array (
  'cookie' => 'PHPSESSID=9fu2jch2ihmt77fqmn5nmiiglc; think_var=zh-cn; yf_logged_user=yZ7XFY3QK1cUeW5tf',
  'accept-language' => 'zh-CN,zh;q=0.9,en;q=0.8',
  'accept-encoding' => 'gzip, deflate',
  'referer' => 'http://32zs.com/admin/member/member_group_list.html',
  'accept' => 'image/webp,image/apng,image/*,*/*;q=0.8',
  'user-agent' => 'Mozilla/5.0 (Macintosh; Intel Mac OS X 10_12_6) AppleWebKit/537.36 (KHTML, like Gecko) Chrome/62.0.3202.94 Safari/537.36',
  'connection' => 'keep-alive',
  'host' => '32zs.com',
  'content-type' => '',
  'content-length' => '',
)
[ info ] [ PARAM ] array (
)
[ info ] [ LOG ] INIT File

---------------------------------------------------------------
[ 2017-11-21T12:40:07+08:00 ] 192.168.10.10 192.168.10.1 GET /admin/model/model_list.html
[ log ] 32zs.com/admin/model/model_list.html [运行时间：0.182995s][吞吐率：5.46req/s] [内存消耗：2,271.19kb] [文件加载：80]
[ info ] [ LANG ] /home/vagrant/Code/32zs/1.1.0/thinkphp/lang/zh-cn.php
[ info ] [ LANG ] /home/vagrant/Code/32zs/1.1.0/app/lang/zh-cn.php
[ info ] [ CACHE ] INIT File
[ info ] [ ROUTE ] array (
  'type' => 'module',
  'module' => 
  array (
    0 => 'admin',
    1 => 'model',
    2 => 'model_list',
  ),
)
[ info ] [ HEADER ] array (
  'cookie' => 'PHPSESSID=9fu2jch2ihmt77fqmn5nmiiglc; think_var=zh-cn; yf_logged_user=yZ7XFY3QK1cUeW5tf',
  'accept-language' => 'zh-CN,zh;q=0.9,en;q=0.8',
  'accept-encoding' => 'gzip, deflate',
  'referer' => 'http://32zs.com/admin/member/member_group_list.html',
  'accept' => 'text/html,application/xhtml+xml,application/xml;q=0.9,image/webp,image/apng,*/*;q=0.8',
  'user-agent' => 'Mozilla/5.0 (Macintosh; Intel Mac OS X 10_12_6) AppleWebKit/537.36 (KHTML, like Gecko) Chrome/62.0.3202.94 Safari/537.36',
  'upgrade-insecure-requests' => '1',
  'connection' => 'keep-alive',
  'host' => '32zs.com',
  'content-type' => '',
  'content-length' => '',
)
[ info ] [ PARAM ] array (
)
[ info ] [ BEHAVIOR ] Run app\common\behavior\WebLog @module_init [ RunTime:0.001794s ]
[ info ] [ DB ] INIT mysql
[ info ] [ SESSION ] INIT array (
  'id' => '',
  'var_session_id' => '',
  'prefix' => 'think',
  'type' => '',
  'auto_start' => true,
)
[ info ] [ BEHAVIOR ] Run Closure @action_begin [ RunTime:0.011499s ]
[ info ] [ RUN ] app\admin\controller\Model->model_list[ /home/vagrant/Code/32zs/1.1.0/app/admin/controller/Model.php ]
[ info ] [ VIEW ] /home/vagrant/Code/32zs/1.1.0/app/admin/view/model/model_list.html [ array (
  0 => 'lang',
  1 => 'menus',
  2 => 'menus_curr',
  3 => 'menus_child',
  4 => 'id_curr',
  5 => 'admin',
  6 => 'head_title',
  7 => 'admin_avatar',
  8 => 'admin_rule',
  9 => 'models',
) ]
[ info ] [ BEHAVIOR ] Run app\admin\behavior\Cron @app_end [ RunTime:0.005290s ]
[ info ] [ LOG ] INIT File
[ sql ] [ DB ] CONNECT:[ UseTime:0.000294s ] mysql:dbname=zhaosheng;host=localhost;port=33060;charset=utf8
[ sql ] [ SQL ] SHOW COLUMNS FROM `zs_auth_rule` [ RunTime:0.000597s ]
[ sql ] [ SQL ] SELECT `id` FROM `zs_auth_rule` WHERE  `name` = 'admin/Model/model_list' ORDER BY level desc,sort LIMIT 1 [ RunTime:0.000336s ]
[ sql ] [ SQL ] SELECT `id`,`pid` FROM `zs_auth_rule` ORDER BY level desc,sort [ RunTime:0.000403s ]
[ sql ] [ SQL ] SELECT `id` FROM `zs_auth_rule` WHERE  `name` = 'admin/Model/model_list'  AND `status` = 1 ORDER BY level desc,sort LIMIT 1 [ RunTime:0.000420s ]
[ sql ] [ SQL ] SELECT `pid` FROM `zs_auth_rule` WHERE  `id` = 207 LIMIT 1 [ RunTime:0.000190s ]
[ sql ] [ SQL ] SELECT * FROM `zs_auth_rule` WHERE  `status` = 1  AND `pid` = 206 ORDER BY `sort` [ RunTime:0.000279s ]
[ sql ] [ SQL ] SHOW COLUMNS FROM `zs_admin` [ RunTime:0.000517s ]
[ sql ] [ SQL ] SELECT * FROM `zs_admin` `a` INNER JOIN `zs_auth_group_access` `b` ON `a`.`admin_id`=`b`.`uid` INNER JOIN `zs_auth_group` `c` ON `b`.`group_id`=`c`.`id` WHERE  `a`.`admin_id` = 1 LIMIT 1 [ RunTime:0.000289s ]
[ sql ] [ SQL ] SHOW COLUMNS FROM `zs_news` [ RunTime:0.000394s ]
[ sql ] [ SQL ] SELECT COUNT(*) AS tp_count FROM `zs_news` WHERE  `news_auto` = '1' LIMIT 1 [ RunTime:0.000364s ]
[ sql ] [ SQL ] SHOW COLUMNS FROM `zs_model` [ RunTime:0.002841s ]
[ sql ] [ SQL ] SELECT * FROM `zs_model` ORDER BY create_time desc [ RunTime:0.000255s ]
[ sql ] [ SQL ] SELECT * FROM `zs_auth_rule` ORDER BY `sort` [ RunTime:0.000620s ]

---------------------------------------------------------------
[ 2017-11-21T12:40:08+08:00 ] 192.168.10.10 192.168.10.1 GET /data/upload/avatar/590a7afd94ce6.jpg
[ log ] 32zs.com/data/upload/avatar/590a7afd94ce6.jpg [运行时间：0.162345s][吞吐率：6.16req/s] [内存消耗：248.19kb] [文件加载：53]
[ info ] [ LANG ] /home/vagrant/Code/32zs/1.1.0/thinkphp/lang/zh-cn.php
[ info ] [ LANG ] /home/vagrant/Code/32zs/1.1.0/app/lang/zh-cn.php
[ info ] [ CACHE ] INIT File
[ info ] [ ROUTE ] array (
  'type' => 'module',
  'module' => 
  array (
    0 => 'data',
    1 => 'upload',
    2 => 'avatar',
  ),
)
[ info ] [ HEADER ] array (
  'cookie' => 'PHPSESSID=9fu2jch2ihmt77fqmn5nmiiglc; think_var=zh-cn; yf_logged_user=yZ7XFY3QK1cUeW5tf',
  'accept-language' => 'zh-CN,zh;q=0.9,en;q=0.8',
  'accept-encoding' => 'gzip, deflate',
  'referer' => 'http://32zs.com/admin/model/model_list.html',
  'accept' => 'image/webp,image/apng,image/*,*/*;q=0.8',
  'user-agent' => 'Mozilla/5.0 (Macintosh; Intel Mac OS X 10_12_6) AppleWebKit/537.36 (KHTML, like Gecko) Chrome/62.0.3202.94 Safari/537.36',
  'connection' => 'keep-alive',
  'host' => '32zs.com',
  'content-type' => '',
  'content-length' => '',
)
[ info ] [ PARAM ] array (
)
[ info ] [ LOG ] INIT File

---------------------------------------------------------------
[ 2017-11-21T12:40:10+08:00 ] 192.168.10.10 192.168.10.1 GET /admin/model/model_add.html
[ log ] 32zs.com/admin/model/model_add.html [运行时间：0.156106s][吞吐率：6.41req/s] [内存消耗：1,872.76kb] [文件加载：80]
[ info ] [ LANG ] /home/vagrant/Code/32zs/1.1.0/thinkphp/lang/zh-cn.php
[ info ] [ LANG ] /home/vagrant/Code/32zs/1.1.0/app/lang/zh-cn.php
[ info ] [ CACHE ] INIT File
[ info ] [ ROUTE ] array (
  'type' => 'module',
  'module' => 
  array (
    0 => 'admin',
    1 => 'model',
    2 => 'model_add',
  ),
)
[ info ] [ HEADER ] array (
  'cookie' => 'PHPSESSID=9fu2jch2ihmt77fqmn5nmiiglc; think_var=zh-cn; yf_logged_user=yZ7XFY3QK1cUeW5tf',
  'accept-language' => 'zh-CN,zh;q=0.9,en;q=0.8',
  'accept-encoding' => 'gzip, deflate',
  'referer' => 'http://32zs.com/admin/model/model_list.html',
  'accept' => 'text/html,application/xhtml+xml,application/xml;q=0.9,image/webp,image/apng,*/*;q=0.8',
  'user-agent' => 'Mozilla/5.0 (Macintosh; Intel Mac OS X 10_12_6) AppleWebKit/537.36 (KHTML, like Gecko) Chrome/62.0.3202.94 Safari/537.36',
  'upgrade-insecure-requests' => '1',
  'connection' => 'keep-alive',
  'host' => '32zs.com',
  'content-type' => '',
  'content-length' => '',
)
[ info ] [ PARAM ] array (
)
[ info ] [ BEHAVIOR ] Run app\common\behavior\WebLog @module_init [ RunTime:0.002135s ]
[ info ] [ DB ] INIT mysql
[ info ] [ SESSION ] INIT array (
  'id' => '',
  'var_session_id' => '',
  'prefix' => 'think',
  'type' => '',
  'auto_start' => true,
)
[ info ] [ BEHAVIOR ] Run Closure @action_begin [ RunTime:0.010303s ]
[ info ] [ RUN ] app\admin\controller\Model->model_add[ /home/vagrant/Code/32zs/1.1.0/app/admin/controller/Model.php ]
[ info ] [ VIEW ] /home/vagrant/Code/32zs/1.1.0/app/admin/view/model/model_add.html [ array (
  0 => 'lang',
  1 => 'menus',
  2 => 'menus_curr',
  3 => 'menus_child',
  4 => 'id_curr',
  5 => 'admin',
  6 => 'head_title',
  7 => 'admin_avatar',
) ]
[ info ] [ BEHAVIOR ] Run app\admin\behavior\Cron @app_end [ RunTime:0.005184s ]
[ info ] [ LOG ] INIT File
[ sql ] [ DB ] CONNECT:[ UseTime:0.000333s ] mysql:dbname=zhaosheng;host=localhost;port=33060;charset=utf8
[ sql ] [ SQL ] SHOW COLUMNS FROM `zs_auth_rule` [ RunTime:0.000500s ]
[ sql ] [ SQL ] SELECT `id` FROM `zs_auth_rule` WHERE  `name` = 'admin/Model/model_add' ORDER BY level desc,sort LIMIT 1 [ RunTime:0.000359s ]
[ sql ] [ SQL ] SELECT `id`,`pid` FROM `zs_auth_rule` ORDER BY level desc,sort [ RunTime:0.000456s ]
[ sql ] [ SQL ] SELECT `id` FROM `zs_auth_rule` WHERE  `name` = 'admin/Model/model_add'  AND `status` = 1 ORDER BY level desc,sort LIMIT 1 [ RunTime:0.000298s ]
[ sql ] [ SQL ] SELECT `pid` FROM `zs_auth_rule` WHERE  `id` = 208 LIMIT 1 [ RunTime:0.000181s ]
[ sql ] [ SQL ] SELECT * FROM `zs_auth_rule` WHERE  `status` = 1  AND `pid` = 206 ORDER BY `sort` [ RunTime:0.000343s ]
[ sql ] [ SQL ] SHOW COLUMNS FROM `zs_admin` [ RunTime:0.000469s ]
[ sql ] [ SQL ] SELECT * FROM `zs_admin` `a` INNER JOIN `zs_auth_group_access` `b` ON `a`.`admin_id`=`b`.`uid` INNER JOIN `zs_auth_group` `c` ON `b`.`group_id`=`c`.`id` WHERE  `a`.`admin_id` = 1 LIMIT 1 [ RunTime:0.000432s ]
[ sql ] [ SQL ] SHOW COLUMNS FROM `zs_news` [ RunTime:0.000469s ]
[ sql ] [ SQL ] SELECT COUNT(*) AS tp_count FROM `zs_news` WHERE  `news_auto` = '1' LIMIT 1 [ RunTime:0.000254s ]

---------------------------------------------------------------
[ 2017-11-21T12:40:10+08:00 ] 192.168.10.10 192.168.10.1 GET /data/upload/avatar/590a7afd94ce6.jpg
[ log ] 32zs.com/data/upload/avatar/590a7afd94ce6.jpg [运行时间：0.120518s][吞吐率：8.30req/s] [内存消耗：248.19kb] [文件加载：53]
[ info ] [ LANG ] /home/vagrant/Code/32zs/1.1.0/thinkphp/lang/zh-cn.php
[ info ] [ LANG ] /home/vagrant/Code/32zs/1.1.0/app/lang/zh-cn.php
[ info ] [ CACHE ] INIT File
[ info ] [ ROUTE ] array (
  'type' => 'module',
  'module' => 
  array (
    0 => 'data',
    1 => 'upload',
    2 => 'avatar',
  ),
)
[ info ] [ HEADER ] array (
  'cookie' => 'PHPSESSID=9fu2jch2ihmt77fqmn5nmiiglc; think_var=zh-cn; yf_logged_user=yZ7XFY3QK1cUeW5tf',
  'accept-language' => 'zh-CN,zh;q=0.9,en;q=0.8',
  'accept-encoding' => 'gzip, deflate',
  'referer' => 'http://32zs.com/admin/model/model_add.html',
  'accept' => 'image/webp,image/apng,image/*,*/*;q=0.8',
  'user-agent' => 'Mozilla/5.0 (Macintosh; Intel Mac OS X 10_12_6) AppleWebKit/537.36 (KHTML, like Gecko) Chrome/62.0.3202.94 Safari/537.36',
  'connection' => 'keep-alive',
  'host' => '32zs.com',
  'content-type' => '',
  'content-length' => '',
)
[ info ] [ PARAM ] array (
)
[ info ] [ LOG ] INIT File

---------------------------------------------------------------
[ 2017-11-21T12:40:11+08:00 ] 192.168.10.10 192.168.10.1 GET /admin/model/model_list.html
[ log ] 32zs.com/admin/model/model_list.html [运行时间：0.176967s][吞吐率：5.65req/s] [内存消耗：2,159.45kb] [文件加载：78]
[ info ] [ LANG ] /home/vagrant/Code/32zs/1.1.0/thinkphp/lang/zh-cn.php
[ info ] [ LANG ] /home/vagrant/Code/32zs/1.1.0/app/lang/zh-cn.php
[ info ] [ CACHE ] INIT File
[ info ] [ ROUTE ] array (
  'type' => 'module',
  'module' => 
  array (
    0 => 'admin',
    1 => 'model',
    2 => 'model_list',
  ),
)
[ info ] [ HEADER ] array (
  'cookie' => 'PHPSESSID=9fu2jch2ihmt77fqmn5nmiiglc; think_var=zh-cn; yf_logged_user=yZ7XFY3QK1cUeW5tf',
  'accept-language' => 'zh-CN,zh;q=0.9,en;q=0.8',
  'accept-encoding' => 'gzip, deflate',
  'referer' => 'http://32zs.com/admin/model/model_add.html',
  'accept' => 'text/html,application/xhtml+xml,application/xml;q=0.9,image/webp,image/apng,*/*;q=0.8',
  'user-agent' => 'Mozilla/5.0 (Macintosh; Intel Mac OS X 10_12_6) AppleWebKit/537.36 (KHTML, like Gecko) Chrome/62.0.3202.94 Safari/537.36',
  'upgrade-insecure-requests' => '1',
  'connection' => 'keep-alive',
  'host' => '32zs.com',
  'content-type' => '',
  'content-length' => '',
)
[ info ] [ PARAM ] array (
)
[ info ] [ BEHAVIOR ] Run app\common\behavior\WebLog @module_init [ RunTime:0.002172s ]
[ info ] [ DB ] INIT mysql
[ info ] [ SESSION ] INIT array (
  'id' => '',
  'var_session_id' => '',
  'prefix' => 'think',
  'type' => '',
  'auto_start' => true,
)
[ info ] [ BEHAVIOR ] Run Closure @action_begin [ RunTime:0.012859s ]
[ info ] [ RUN ] app\admin\controller\Model->model_list[ /home/vagrant/Code/32zs/1.1.0/app/admin/controller/Model.php ]
[ info ] [ VIEW ] /home/vagrant/Code/32zs/1.1.0/app/admin/view/model/model_list.html [ array (
  0 => 'lang',
  1 => 'menus',
  2 => 'menus_curr',
  3 => 'menus_child',
  4 => 'id_curr',
  5 => 'admin',
  6 => 'head_title',
  7 => 'admin_avatar',
  8 => 'admin_rule',
  9 => 'models',
) ]
[ info ] [ BEHAVIOR ] Run app\admin\behavior\Cron @app_end [ RunTime:0.005371s ]
[ info ] [ LOG ] INIT File
[ sql ] [ DB ] CONNECT:[ UseTime:0.000367s ] mysql:dbname=zhaosheng;host=localhost;port=33060;charset=utf8
[ sql ] [ SQL ] SHOW COLUMNS FROM `zs_auth_rule` [ RunTime:0.000546s ]
[ sql ] [ SQL ] SELECT `id` FROM `zs_auth_rule` WHERE  `name` = 'admin/Model/model_list' ORDER BY level desc,sort LIMIT 1 [ RunTime:0.000381s ]
[ sql ] [ SQL ] SELECT `id`,`pid` FROM `zs_auth_rule` ORDER BY level desc,sort [ RunTime:0.000631s ]
[ sql ] [ SQL ] SELECT `id` FROM `zs_auth_rule` WHERE  `name` = 'admin/Model/model_list'  AND `status` = 1 ORDER BY level desc,sort LIMIT 1 [ RunTime:0.000576s ]
[ sql ] [ SQL ] SELECT `pid` FROM `zs_auth_rule` WHERE  `id` = 207 LIMIT 1 [ RunTime:0.000416s ]
[ sql ] [ SQL ] SELECT * FROM `zs_auth_rule` WHERE  `status` = 1  AND `pid` = 206 ORDER BY `sort` [ RunTime:0.000667s ]
[ sql ] [ SQL ] SHOW COLUMNS FROM `zs_admin` [ RunTime:0.000772s ]
[ sql ] [ SQL ] SELECT * FROM `zs_admin` `a` INNER JOIN `zs_auth_group_access` `b` ON `a`.`admin_id`=`b`.`uid` INNER JOIN `zs_auth_group` `c` ON `b`.`group_id`=`c`.`id` WHERE  `a`.`admin_id` = 1 LIMIT 1 [ RunTime:0.000420s ]
[ sql ] [ SQL ] SHOW COLUMNS FROM `zs_news` [ RunTime:0.000574s ]
[ sql ] [ SQL ] SELECT COUNT(*) AS tp_count FROM `zs_news` WHERE  `news_auto` = '1' LIMIT 1 [ RunTime:0.000509s ]
[ sql ] [ SQL ] SHOW COLUMNS FROM `zs_model` [ RunTime:0.000684s ]
[ sql ] [ SQL ] SELECT * FROM `zs_model` ORDER BY create_time desc [ RunTime:0.000260s ]
[ sql ] [ SQL ] SELECT * FROM `zs_auth_rule` ORDER BY `sort` [ RunTime:0.000585s ]

---------------------------------------------------------------
[ 2017-11-21T12:40:12+08:00 ] 192.168.10.10 192.168.10.1 GET /data/upload/avatar/590a7afd94ce6.jpg
[ log ] 32zs.com/data/upload/avatar/590a7afd94ce6.jpg [运行时间：0.127694s][吞吐率：7.83req/s] [内存消耗：248.19kb] [文件加载：53]
[ info ] [ LANG ] /home/vagrant/Code/32zs/1.1.0/thinkphp/lang/zh-cn.php
[ info ] [ LANG ] /home/vagrant/Code/32zs/1.1.0/app/lang/zh-cn.php
[ info ] [ CACHE ] INIT File
[ info ] [ ROUTE ] array (
  'type' => 'module',
  'module' => 
  array (
    0 => 'data',
    1 => 'upload',
    2 => 'avatar',
  ),
)
[ info ] [ HEADER ] array (
  'cookie' => 'PHPSESSID=9fu2jch2ihmt77fqmn5nmiiglc; think_var=zh-cn; yf_logged_user=yZ7XFY3QK1cUeW5tf',
  'accept-language' => 'zh-CN,zh;q=0.9,en;q=0.8',
  'accept-encoding' => 'gzip, deflate',
  'referer' => 'http://32zs.com/admin/model/model_list.html',
  'accept' => 'image/webp,image/apng,image/*,*/*;q=0.8',
  'user-agent' => 'Mozilla/5.0 (Macintosh; Intel Mac OS X 10_12_6) AppleWebKit/537.36 (KHTML, like Gecko) Chrome/62.0.3202.94 Safari/537.36',
  'connection' => 'keep-alive',
  'host' => '32zs.com',
  'content-type' => '',
  'content-length' => '',
)
[ info ] [ PARAM ] array (
)
[ info ] [ LOG ] INIT File

---------------------------------------------------------------
[ 2017-11-21T15:54:23+08:00 ] 192.168.10.10 192.168.10.1 GET /
[ log ] 32zs.com/ [运行时间：0.366013s][吞吐率：2.73req/s] [内存消耗：900.39kb] [文件加载：80]
[ info ] [ LANG ] /home/vagrant/Code/32zs/1.1.0/thinkphp/lang/zh-cn.php
[ info ] [ LANG ] /home/vagrant/Code/32zs/1.1.0/app/lang/zh-cn.php
[ info ] [ CACHE ] INIT File
[ info ] [ ROUTE ] array (
  'type' => 'module',
  'module' => 
  array (
    0 => 'home',
    1 => 'Index',
    2 => 'index',
  ),
  'convert' => false,
)
[ info ] [ HEADER ] array (
  'cookie' => 'yf_logged_user=yZ7XFY3QK1cUeW5tf',
  'accept-language' => 'zh-CN,zh;q=0.9,en;q=0.8',
  'accept-encoding' => 'gzip, deflate',
  'accept' => 'text/html,application/xhtml+xml,application/xml;q=0.9,image/webp,image/apng,*/*;q=0.8',
  'user-agent' => 'Mozilla/5.0 (Macintosh; Intel Mac OS X 10_12_6) AppleWebKit/537.36 (KHTML, like Gecko) Chrome/62.0.3202.94 Safari/537.36',
  'upgrade-insecure-requests' => '1',
  'cache-control' => 'max-age=0',
  'connection' => 'keep-alive',
  'host' => '32zs.com',
  'content-type' => '',
  'content-length' => '',
)
[ info ] [ PARAM ] array (
)
[ info ] [ LANG ] /home/vagrant/Code/32zs/1.1.0/app/home/lang/zh-cn.php
[ info ] [ BEHAVIOR ] Run app\common\behavior\WebLog @module_init [ RunTime:0.004651s ]
[ info ] [ SESSION ] INIT array (
  'id' => '',
  'var_session_id' => '',
  'prefix' => 'think',
  'type' => '',
  'auto_start' => true,
)
[ info ] [ DB ] INIT mysql
[ info ] [ BEHAVIOR ] Run Closure @action_begin [ RunTime:0.018643s ]
[ info ] [ RUN ] app\home\controller\Index->index[ /home/vagrant/Code/32zs/1.1.0/app/home/controller/Index.php ]
[ info ] [ VIEW ] /home/vagrant/Code/32zs/1.1.0/app/home/view/default/index.html [ array (
  0 => 'lang',
  1 => 'map_lat',
  2 => 'map_lng',
  3 => 'site_name',
  4 => 'site_host',
  5 => 'site_tpl',
  6 => 'site_tpl_m',
  7 => 'site_logo',
  8 => 'site_icp',
  9 => 'site_tongji',
  10 => 'site_copyright',
  11 => 'site_co_name',
  12 => 'site_address',
  13 => 'site_tel',
  14 => 'site_admin_email',
  15 => 'site_qq',
  16 => 'site_seo_title',
  17 => 'site_seo_keywords',
  18 => 'site_seo_description',
  19 => 'yf_theme_path',
  20 => 'user',
  21 => 'is_admin',
) ]
[ info ] [ BEHAVIOR ] Run app\admin\behavior\Cron @app_end [ RunTime:0.007618s ]
[ info ] [ LOG ] INIT File
[ sql ] [ DB ] CONNECT:[ UseTime:0.001253s ] mysql:dbname=zhaosheng;host=localhost;port=33060;charset=utf8
[ sql ] [ SQL ] SHOW COLUMNS FROM `zs_member_list` [ RunTime:0.009672s ]
[ sql ] [ SQL ] SELECT * FROM `zs_member_list` WHERE  `member_list_id` = 1 LIMIT 1 [ RunTime:0.000250s ]
[ sql ] [ SQL ] SHOW COLUMNS FROM `zs_news` [ RunTime:0.001140s ]
[ sql ] [ SQL ] SELECT `news_content`,`news_title`,`n_id`,`news_columnid`,`news_time` FROM `zs_news` `a` WHERE  `news_open` = '1'  AND `news_l` = 'zh-cn'  AND `news_back` = 0  AND `news_columnid` IN (17) ORDER BY news_time desc LIMIT 7 [ RunTime:0.000974s ]
[ sql ] [ SQL ] SELECT `news_content`,`news_title`,`n_id`,`news_columnid`,`news_time` FROM `zs_news` `a` WHERE  `news_open` = '1'  AND `news_l` = 'zh-cn'  AND `news_back` = 0  AND `news_columnid` IN (18) ORDER BY news_time desc LIMIT 7 [ RunTime:0.000290s ]
[ sql ] [ SQL ] SELECT `news_content`,`news_title`,`n_id`,`news_columnid`,`news_time` FROM `zs_news` `a` WHERE  `news_open` = '1'  AND `news_l` = 'zh-cn'  AND `news_back` = 0  AND `news_columnid` IN (16) ORDER BY news_time desc LIMIT 7 [ RunTime:0.000287s ]

---------------------------------------------------------------
[ 2017-11-21T15:54:23+08:00 ] 192.168.10.10 192.168.10.1 GET /home/login/verify.html
[ log ] 32zs.com/home/login/verify.html [运行时间：0.337337s][吞吐率：2.96req/s] [内存消耗：553.60kb] [文件加载：78]
[ info ] [ LANG ] /home/vagrant/Code/32zs/1.1.0/thinkphp/lang/zh-cn.php
[ info ] [ LANG ] /home/vagrant/Code/32zs/1.1.0/app/lang/zh-cn.php
[ info ] [ CACHE ] INIT File
[ info ] [ ROUTE ] array (
  'type' => 'module',
  'module' => 
  array (
    0 => 'home',
    1 => 'login',
    2 => 'verify',
  ),
)
[ info ] [ HEADER ] array (
  'cookie' => 'yf_logged_user=yZ7XFY3QK1cUeW5tf; think_var=zh-cn; PHPSESSID=6t8dqha1c3lc7afnjas8slm1b4',
  'accept-language' => 'zh-CN,zh;q=0.9,en;q=0.8',
  'accept-encoding' => 'gzip, deflate',
  'referer' => 'http://32zs.com/',
  'accept' => 'image/webp,image/apng,image/*,*/*;q=0.8',
  'user-agent' => 'Mozilla/5.0 (Macintosh; Intel Mac OS X 10_12_6) AppleWebKit/537.36 (KHTML, like Gecko) Chrome/62.0.3202.94 Safari/537.36',
  'connection' => 'keep-alive',
  'host' => '32zs.com',
  'content-type' => '',
  'content-length' => '',
)
[ info ] [ PARAM ] array (
)
[ info ] [ LANG ] /home/vagrant/Code/32zs/1.1.0/app/home/lang/zh-cn.php
[ info ] [ BEHAVIOR ] Run app\common\behavior\WebLog @module_init [ RunTime:0.004125s ]
[ info ] [ SESSION ] INIT array (
  'id' => '',
  'var_session_id' => '',
  'prefix' => 'think',
  'type' => '',
  'auto_start' => true,
)
[ info ] [ DB ] INIT mysql
[ info ] [ BEHAVIOR ] Run Closure @action_begin [ RunTime:0.013533s ]
[ info ] [ RUN ] app\home\controller\Login->verify[ /home/vagrant/Code/32zs/1.1.0/app/home/controller/Login.php ]
[ info ] [ BEHAVIOR ] Run app\admin\behavior\Cron @app_end [ RunTime:0.012040s ]
[ info ] [ LOG ] INIT File
[ sql ] [ DB ] CONNECT:[ UseTime:0.000541s ] mysql:dbname=zhaosheng;host=localhost;port=33060;charset=utf8
[ sql ] [ SQL ] SHOW COLUMNS FROM `zs_member_list` [ RunTime:0.000913s ]
[ sql ] [ SQL ] SELECT * FROM `zs_member_list` WHERE  `member_list_id` = 1 LIMIT 1 [ RunTime:0.000461s ]

---------------------------------------------------------------
[ 2017-11-21T15:58:41+08:00 ] 192.168.10.10 192.168.10.1 POST /home/login/runlogin.html
[ log ] 32zs.com/home/login/runlogin.html [运行时间：0.419239s][吞吐率：2.39req/s] [内存消耗：3,227.50kb] [文件加载：95]
[ info ] [ LANG ] /home/vagrant/Code/32zs/1.1.0/thinkphp/lang/zh-cn.php
[ info ] [ LANG ] /home/vagrant/Code/32zs/1.1.0/app/lang/zh-cn.php
[ info ] [ CACHE ] INIT File
[ info ] [ ROUTE ] array (
  'type' => 'module',
  'module' => 
  array (
    0 => 'home',
    1 => 'login',
    2 => 'runlogin',
  ),
)
[ info ] [ HEADER ] array (
  'cookie' => 'yf_logged_user=yZ7XFY3QK1cUeW5tf; think_var=zh-cn; PHPSESSID=6t8dqha1c3lc7afnjas8slm1b4',
  'accept-language' => 'zh-CN,zh;q=0.9,en;q=0.8',
  'accept-encoding' => 'gzip, deflate',
  'referer' => 'http://32zs.com/',
  'content-type' => 'application/x-www-form-urlencoded; charset=UTF-8',
  'user-agent' => 'Mozilla/5.0 (Macintosh; Intel Mac OS X 10_12_6) AppleWebKit/537.36 (KHTML, like Gecko) Chrome/62.0.3202.94 Safari/537.36',
  'x-requested-with' => 'XMLHttpRequest',
  'origin' => 'http://32zs.com',
  'accept' => '*/*',
  'content-length' => '74',
  'connection' => 'keep-alive',
  'host' => '32zs.com',
)
[ info ] [ PARAM ] array (
  'member_list_username' => '440204199905313917',
  'member_list_pwd' => '313917',
  'verify' => 'jacb',
)
[ info ] [ LANG ] /home/vagrant/Code/32zs/1.1.0/app/home/lang/zh-cn.php
[ info ] [ SESSION ] INIT array (
  'id' => '',
  'var_session_id' => '',
  'prefix' => 'think',
  'type' => '',
  'auto_start' => true,
)
[ info ] [ DB ] INIT mysql
[ info ] [ BEHAVIOR ] Run app\common\behavior\WebLog @module_init [ RunTime:0.283148s ]
[ info ] [ BEHAVIOR ] Run Closure @action_begin [ RunTime:0.009155s ]
[ info ] [ RUN ] app\home\controller\Login->runlogin[ /home/vagrant/Code/32zs/1.1.0/app/home/controller/Login.php ]
[ info ] [ BEHAVIOR ] Run app\admin\behavior\Cron @app_end [ RunTime:0.006047s ]
[ info ] [ LOG ] INIT File
[ sql ] [ DB ] CONNECT:[ UseTime:0.000322s ] mysql:dbname=zhaosheng;host=localhost;port=33060;charset=utf8
[ sql ] [ SQL ] SHOW COLUMNS FROM `zs_web_log` [ RunTime:0.179516s ]
[ sql ] [ SQL ] INSERT INTO `zs_web_log` (`uid` , `ip` , `location` , `os` , `browser` , `url` , `module` , `controller` , `action` , `method` , `data` , `otime`) VALUES (0 , '192.168.10.1' , '局域网 局域网  ' , 'Mac' , 'Chrome(62.0.3202.94)' , '/home/login/runlogin.html' , 'home' , 'Login' , 'runlogin' , 'Ajax' , 's:12:\"保密数据\";' , 1511251121) [ RunTime:0.000926s ]
[ sql ] [ SQL ] SHOW COLUMNS FROM `zs_member_list` [ RunTime:0.000696s ]
[ sql ] [ SQL ] SELECT * FROM `zs_member_list` WHERE  `member_list_id` = 1 LIMIT 1 [ RunTime:0.000269s ]
[ sql ] [ SQL ] SELECT * FROM `zs_member_list` WHERE  `member_list_username` = '440204199905313917' LIMIT 1 [ RunTime:0.000635s ]
[ sql ] [ SQL ] UPDATE `zs_member_list`  SET `last_login_time`=1511251121,`last_login_ip`='192.168.10.1'  WHERE  `member_list_id` = 742 [ RunTime:0.000630s ]
[ sql ] [ SQL ] SHOW COLUMNS FROM `zs_admin` [ RunTime:0.001674s ]
[ sql ] [ SQL ] SELECT * FROM `zs_admin` WHERE  `member_id` = 742 LIMIT 1 [ RunTime:0.000294s ]

---------------------------------------------------------------
[ 2017-11-21T15:58:41+08:00 ] 192.168.10.10 192.168.10.1 GET /home/center/index.html
[ log ] 32zs.com/home/center/index.html [运行时间：0.175165s][吞吐率：5.71req/s] [内存消耗：601.70kb] [文件加载：81]
[ info ] [ LANG ] /home/vagrant/Code/32zs/1.1.0/thinkphp/lang/zh-cn.php
[ info ] [ LANG ] /home/vagrant/Code/32zs/1.1.0/app/lang/zh-cn.php
[ info ] [ CACHE ] INIT File
[ info ] [ ROUTE ] array (
  'type' => 'module',
  'module' => 
  array (
    0 => 'home',
    1 => 'center',
    2 => 'index',
  ),
)
[ info ] [ HEADER ] array (
  'cookie' => 'yf_logged_user=yZ7XFY3QK1cUeW5tf; think_var=zh-cn; PHPSESSID=6t8dqha1c3lc7afnjas8slm1b4',
  'accept-language' => 'zh-CN,zh;q=0.9,en;q=0.8',
  'accept-encoding' => 'gzip, deflate',
  'referer' => 'http://32zs.com/',
  'accept' => 'text/html,application/xhtml+xml,application/xml;q=0.9,image/webp,image/apng,*/*;q=0.8',
  'user-agent' => 'Mozilla/5.0 (Macintosh; Intel Mac OS X 10_12_6) AppleWebKit/537.36 (KHTML, like Gecko) Chrome/62.0.3202.94 Safari/537.36',
  'upgrade-insecure-requests' => '1',
  'connection' => 'keep-alive',
  'host' => '32zs.com',
  'content-type' => '',
  'content-length' => '',
)
[ info ] [ PARAM ] array (
)
[ info ] [ LANG ] /home/vagrant/Code/32zs/1.1.0/app/home/lang/zh-cn.php
[ info ] [ BEHAVIOR ] Run app\common\behavior\WebLog @module_init [ RunTime:0.002637s ]
[ info ] [ SESSION ] INIT array (
  'id' => '',
  'var_session_id' => '',
  'prefix' => 'think',
  'type' => '',
  'auto_start' => true,
)
[ info ] [ DB ] INIT mysql
[ info ] [ BEHAVIOR ] Run Closure @action_begin [ RunTime:0.010803s ]
[ info ] [ RUN ] app\home\controller\Center->index[ /home/vagrant/Code/32zs/1.1.0/app/home/controller/Center.php ]
[ info ] [ VIEW ] /home/vagrant/Code/32zs/1.1.0/app/home/view/default/user/center.html [ array (
  0 => 'lang',
  1 => 'map_lat',
  2 => 'map_lng',
  3 => 'site_name',
  4 => 'site_host',
  5 => 'site_tpl',
  6 => 'site_tpl_m',
  7 => 'site_logo',
  8 => 'site_icp',
  9 => 'site_tongji',
  10 => 'site_copyright',
  11 => 'site_co_name',
  12 => 'site_address',
  13 => 'site_tel',
  14 => 'site_admin_email',
  15 => 'site_qq',
  16 => 'site_seo_title',
  17 => 'site_seo_keywords',
  18 => 'site_seo_description',
  19 => 'yf_theme_path',
  20 => 'user',
  21 => 'is_admin',
  22 => 'num',
  23 => 'major',
  24 => 'school',
  25 => 'recruit_major',
  26 => 'member_list_id',
  27 => 'member_list_username',
  28 => 'member_list_pwd',
  29 => 'member_list_salt',
  30 => 'member_list_groupid',
  31 => 'member_list_nickname',
  32 => 'member_list_province',
  33 => 'member_list_city',
  34 => 'member_list_town',
  35 => 'member_list_sex',
  36 => 'member_list_headpic',
  37 => 'member_list_tel',
  38 => 'member_list_email',
  39 => 'member_list_open',
  40 => 'member_list_addtime',
  41 => 'member_list_from',
  42 => 'user_url',
  43 => 'birthday',
  44 => 'signature',
  45 => 'last_login_ip',
  46 => 'last_login_time',
  47 => 'user_activation_key',
  48 => 'user_status',
  49 => 'score',
  50 => 'coin',
  51 => 'school_id',
  52 => 'major_id',
  53 => 'major_score',
  54 => 'recruit_score',
  55 => 'address',
  56 => 'info',
  57 => 'date',
) ]
[ info ] [ BEHAVIOR ] Run app\admin\behavior\Cron @app_end [ RunTime:0.004711s ]
[ info ] [ LOG ] INIT File
[ sql ] [ DB ] CONNECT:[ UseTime:0.000365s ] mysql:dbname=zhaosheng;host=localhost;port=33060;charset=utf8
[ sql ] [ SQL ] SHOW COLUMNS FROM `zs_member_list` [ RunTime:0.000629s ]
[ sql ] [ SQL ] SELECT * FROM `zs_member_list` WHERE  `member_list_id` = 742 LIMIT 1 [ RunTime:0.000321s ]
[ sql ] [ SQL ] SHOW COLUMNS FROM `zs_admin` [ RunTime:0.000479s ]
[ sql ] [ SQL ] SELECT * FROM `zs_admin` WHERE  `member_id` = 742 LIMIT 1 [ RunTime:0.000242s ]
[ sql ] [ SQL ] SELECT * FROM `zs_member_list` `m` INNER JOIN `zs_member_info` `mi` ON `m`.`member_list_id`=`mi`.`member_list_id` WHERE  `m`.`member_list_id` = 742 LIMIT 1 [ RunTime:0.006305s ]
[ sql ] [ SQL ] SHOW COLUMNS FROM `zs_major` [ RunTime:0.000738s ]
[ sql ] [ SQL ] SELECT * FROM `zs_major` WHERE  `major_id` = 14 LIMIT 1 [ RunTime:0.000224s ]
[ sql ] [ SQL ] SHOW COLUMNS FROM `zs_school` [ RunTime:0.000508s ]
[ sql ] [ SQL ] SELECT * FROM `zs_school` WHERE  `school_id` = 18 LIMIT 1 [ RunTime:0.000192s ]
[ sql ] [ SQL ] SHOW COLUMNS FROM `zs_recruit_major` [ RunTime:0.000664s ]
[ sql ] [ SQL ] SELECT * FROM `zs_recruit_major` `rm` INNER JOIN `zs_enrollment` `e` ON `e`.`recruit_major_id`=`rm`.`recruit_major_id` WHERE  `e`.`major_ids` LIKE '%,14,%'  AND `e`.`school_id` = 18 LIMIT 1 [ RunTime:0.001347s ]

---------------------------------------------------------------
[ 2017-11-21T15:58:42+08:00 ] 192.168.10.10 192.168.10.1 GET /data/upload/avatar/590fcacb104cb.jpg
[ log ] 32zs.com/data/upload/avatar/590fcacb104cb.jpg [运行时间：0.212154s][吞吐率：4.71req/s] [内存消耗：249.50kb] [文件加载：53]
[ info ] [ LANG ] /home/vagrant/Code/32zs/1.1.0/thinkphp/lang/zh-cn.php
[ info ] [ LANG ] /home/vagrant/Code/32zs/1.1.0/app/lang/zh-cn.php
[ info ] [ CACHE ] INIT File
[ info ] [ ROUTE ] array (
  'type' => 'module',
  'module' => 
  array (
    0 => 'data',
    1 => 'upload',
    2 => 'avatar',
  ),
)
[ info ] [ HEADER ] array (
  'cookie' => 'yf_logged_user=yZ7XFY3QK1cUeW5tf; think_var=zh-cn; PHPSESSID=6t8dqha1c3lc7afnjas8slm1b4',
  'accept-language' => 'zh-CN,zh;q=0.9,en;q=0.8',
  'accept-encoding' => 'gzip, deflate',
  'referer' => 'http://32zs.com/home/center/index.html',
  'accept' => 'image/webp,image/apng,image/*,*/*;q=0.8',
  'user-agent' => 'Mozilla/5.0 (Macintosh; Intel Mac OS X 10_12_6) AppleWebKit/537.36 (KHTML, like Gecko) Chrome/62.0.3202.94 Safari/537.36',
  'connection' => 'keep-alive',
  'host' => '32zs.com',
  'content-type' => '',
  'content-length' => '',
)
[ info ] [ PARAM ] array (
)
[ info ] [ LOG ] INIT File

---------------------------------------------------------------
